This is XeTeX, Version 3.141592653-2.6-0.999996 (TeX Live 2024) (preloaded format=xelatex 2024.6.30)  30 JUN 2024 12:55
entering extended mode
 restricted \write18 enabled.
 %&-line parsing enabled.
**index.tex
(./index.tex
LaTeX2e <2024-06-01> patch level 2
L3 programming layer <2024-05-27>
(c:/Users/Ivan.Trushin/AppData/Roaming/TinyTeX/texmf-dist/tex/latex/koma-script/scrreprt.cls
Document Class: scrreprt 2023/07/07 v3.41 KOMA-Script document class (report)
(c:/Users/Ivan.Trushin/AppData/Roaming/TinyTeX/texmf-dist/tex/latex/koma-script/scrkbase.sty
Package: scrkbase 2023/07/07 v3.41 KOMA-Script package (KOMA-Script-dependent basics and keyval usage)
(c:/Users/Ivan.Trushin/AppData/Roaming/TinyTeX/texmf-dist/tex/latex/koma-script/scrbase.sty
Package: scrbase 2023/07/07 v3.41 KOMA-Script package (KOMA-Script-independent basics and keyval usage)
(c:/Users/Ivan.Trushin/AppData/Roaming/TinyTeX/texmf-dist/tex/latex/koma-script/scrlfile.sty
Package: scrlfile 2023/07/07 v3.41 KOMA-Script package (file load hooks)
(c:/Users/Ivan.Trushin/AppData/Roaming/TinyTeX/texmf-dist/tex/latex/koma-script/scrlfile-hook.sty
Package: scrlfile-hook 2023/07/07 v3.41 KOMA-Script package (using LaTeX hooks)
(c:/Users/Ivan.Trushin/AppData/Roaming/TinyTeX/texmf-dist/tex/latex/koma-script/scrlogo.sty
Package: scrlogo 2023/07/07 v3.41 KOMA-Script package (logo)
))) (c:/Users/Ivan.Trushin/AppData/Roaming/TinyTeX/texmf-dist/tex/latex/graphics/keyval.sty
Package: keyval 2022/05/29 v1.15 key=value parser (DPC)
\KV@toks@=\toks17
)
Applying: [2021/05/01] Usage of raw or classic option list on input line 252.
Already applied: [0000/00/00] Usage of raw or classic option list on input line 368.
)) (c:/Users/Ivan.Trushin/AppData/Roaming/TinyTeX/texmf-dist/tex/latex/koma-script/tocbasic.sty
Package: tocbasic 2023/07/07 v3.41 KOMA-Script package (handling toc-files)
\scr@dte@tocline@numberwidth=\skip49
\scr@dte@tocline@numbox=\box52
)
Package tocbasic Info: omitting babel extension for `toc'
(tocbasic)             because of feature `nobabel' available
(tocbasic)             for `toc' on input line 135.
Class scrreprt Info: File `scrsize11pt.clo' used instead of
(scrreprt)           file `scrsize11.clo' to setup font sizes on input line 2688.
(c:/Users/Ivan.Trushin/AppData/Roaming/TinyTeX/texmf-dist/tex/latex/koma-script/scrsize11pt.clo
File: scrsize11pt.clo 2023/07/07 v3.41 KOMA-Script font size class option (11pt)
) (c:/Users/Ivan.Trushin/AppData/Roaming/TinyTeX/texmf-dist/tex/latex/koma-script/typearea.sty
Package: typearea 2023/07/07 v3.41 KOMA-Script package (type area)
\ta@bcor=\skip50
\ta@div=\count190
\ta@hblk=\skip51
\ta@vblk=\skip52
\ta@temp=\skip53
\footheight=\skip54
Package typearea Info: These are the values describing the layout:
(typearea)             DIV  = 11
(typearea)             BCOR = 0.0pt
(typearea)             \paperwidth      = 597.50793pt
(typearea)              \textwidth      = 434.55125pt
(typearea)              DIV departure   = -10%
(typearea)              \evensidemargin = 9.20834pt
(typearea)              \oddsidemargin  = 9.20834pt
(typearea)             \paperheight     = 845.04694pt
(typearea)              \textheight     = 623.00027pt
(typearea)              \topmargin      = -32.84755pt
(typearea)              \headheight     = 17.0pt
(typearea)              \headsep        = 20.40001pt
(typearea)              \topskip        = 11.0pt
(typearea)              \footskip       = 47.6pt
(typearea)              \baselineskip   = 13.6pt
(typearea)              on input line 1799.
)
\c@part=\count191
\c@chapter=\count192
\c@section=\count193
\c@subsection=\count194
\c@subsubsection=\count195
\c@paragraph=\count196
\c@subparagraph=\count197
\scr@dte@chapter@maxnumwidth=\skip55
Class scrreprt Info: using compatibility default `afterindent=bysign'
(scrreprt)           for `\chapter on input line 5994.
\scr@dte@section@maxnumwidth=\skip56
Class scrreprt Info: using compatibility default `runin=bysign'
(scrreprt)           for `\section on input line 6005.
Class scrreprt Info: using compatibility default `afterindent=bysign'
(scrreprt)           for `\section on input line 6005.
\scr@dte@part@maxnumwidth=\skip57
Class scrreprt Info: using compatibility default `afterindent=true'
(scrreprt)           for `\part on input line 6014.
\scr@dte@subsection@maxnumwidth=\skip58
Class scrreprt Info: using compatibility default `runin=bysign'
(scrreprt)           for `\subsection on input line 6024.
Class scrreprt Info: using compatibility default `afterindent=bysign'
(scrreprt)           for `\subsection on input line 6024.
\scr@dte@subsubsection@maxnumwidth=\skip59
Class scrreprt Info: using compatibility default `runin=bysign'
(scrreprt)           for `\subsubsection on input line 6034.
Class scrreprt Info: using compatibility default `afterindent=bysign'
(scrreprt)           for `\subsubsection on input line 6034.
\scr@dte@paragraph@maxnumwidth=\skip60
Class scrreprt Info: using compatibility default `runin=bysign'
(scrreprt)           for `\paragraph on input line 6045.
Class scrreprt Info: using compatibility default `afterindent=bysign'
(scrreprt)           for `\paragraph on input line 6045.
\scr@dte@subparagraph@maxnumwidth=\skip61
Class scrreprt Info: using compatibility default `runin=bysign'
(scrreprt)           for `\subparagraph on input line 6055.
Class scrreprt Info: using compatibility default `afterindent=bysign'
(scrreprt)           for `\subparagraph on input line 6055.
\abovecaptionskip=\skip62
\belowcaptionskip=\skip63
\c@pti@nb@sid@b@x=\box53
Package tocbasic Info: omitting babel extension for `lof'
(tocbasic)             because of feature `nobabel' available
(tocbasic)             for `lof' on input line 7240.
\scr@dte@figure@maxnumwidth=\skip64
\c@figure=\count198
Package tocbasic Info: omitting babel extension for `lot'
(tocbasic)             because of feature `nobabel' available
(tocbasic)             for `lot' on input line 7257.
\scr@dte@table@maxnumwidth=\skip65
\c@table=\count199
Class scrreprt Info: Redefining `\numberline' on input line 7428.
\bibindent=\dimen141
) (c:/Users/Ivan.Trushin/AppData/Roaming/TinyTeX/texmf-dist/tex/latex/amsmath/amsmath.sty
Package: amsmath 2024/05/23 v2.17q AMS math features
\@mathmargin=\skip66
For additional information on amsmath, use the `?' option.
(c:/Users/Ivan.Trushin/AppData/Roaming/TinyTeX/texmf-dist/tex/latex/amsmath/amstext.sty
Package: amstext 2021/08/26 v2.01 AMS text
(c:/Users/Ivan.Trushin/AppData/Roaming/TinyTeX/texmf-dist/tex/latex/amsmath/amsgen.sty
File: amsgen.sty 1999/11/30 v2.0 generic functions
\@emptytoks=\toks18
\ex@=\dimen142
)) (c:/Users/Ivan.Trushin/AppData/Roaming/TinyTeX/texmf-dist/tex/latex/amsmath/amsbsy.sty
Package: amsbsy 1999/11/29 v1.2d Bold Symbols
\pmbraise@=\dimen143
) (c:/Users/Ivan.Trushin/AppData/Roaming/TinyTeX/texmf-dist/tex/latex/amsmath/amsopn.sty
Package: amsopn 2022/04/08 v2.04 operator names
)
\inf@bad=\count266
LaTeX Info: Redefining \frac on input line 233.
\uproot@=\count267
\leftroot@=\count268
LaTeX Info: Redefining \overline on input line 398.
LaTeX Info: Redefining \colon on input line 409.
\classnum@=\count269
\DOTSCASE@=\count270
LaTeX Info: Redefining \ldots on input line 495.
LaTeX Info: Redefining \dots on input line 498.
LaTeX Info: Redefining \cdots on input line 619.
\Mathstrutbox@=\box54
\strutbox@=\box55
LaTeX Info: Redefining \big on input line 721.
LaTeX Info: Redefining \Big on input line 722.
LaTeX Info: Redefining \bigg on input line 723.
LaTeX Info: Redefining \Bigg on input line 724.
\big@size=\dimen144
LaTeX Font Info:    Redeclaring font encoding OML on input line 742.
LaTeX Font Info:    Redeclaring font encoding OMS on input line 743.
\macc@depth=\count271
LaTeX Info: Redefining \bmod on input line 904.
LaTeX Info: Redefining \pmod on input line 909.
LaTeX Info: Redefining \smash on input line 939.
LaTeX Info: Redefining \relbar on input line 969.
LaTeX Info: Redefining \Relbar on input line 970.
\c@MaxMatrixCols=\count272
\dotsspace@=\muskip17
\c@parentequation=\count273
\dspbrk@lvl=\count274
\tag@help=\toks19
\row@=\count275
\column@=\count276
\maxfields@=\count277
\andhelp@=\toks20
\eqnshift@=\dimen145
\alignsep@=\dimen146
\tagshift@=\dimen147
\tagwidth@=\dimen148
\totwidth@=\dimen149
\lineht@=\dimen150
\@envbody=\toks21
\multlinegap=\skip67
\multlinetaggap=\skip68
\mathdisplay@stack=\toks22
LaTeX Info: Redefining \[ on input line 2953.
LaTeX Info: Redefining \] on input line 2954.
) (c:/Users/Ivan.Trushin/AppData/Roaming/TinyTeX/texmf-dist/tex/latex/amsfonts/amssymb.sty
Package: amssymb 2013/01/14 v3.01 AMS font symbols
(c:/Users/Ivan.Trushin/AppData/Roaming/TinyTeX/texmf-dist/tex/latex/amsfonts/amsfonts.sty
Package: amsfonts 2013/01/14 v3.01 Basic AMSFonts support
\symAMSa=\mathgroup4
\symAMSb=\mathgroup5
LaTeX Font Info:    Redeclaring math symbol \hbar on input line 98.
LaTeX Font Info:    Overwriting math alphabet `\mathfrak' in version `bold'
(Font)                  U/euf/m/n --> U/euf/b/n on input line 106.
)) (c:/Users/Ivan.Trushin/AppData/Roaming/TinyTeX/texmf-dist/tex/generic/iftex/iftex.sty
Package: iftex 2022/02/03 v1.0f TeX engine tests
) (c:/Users/Ivan.Trushin/AppData/Roaming/TinyTeX/texmf-dist/tex/latex/unicode-math/unicode-math.sty (c:/Users/Ivan.Trushin/AppData/Roaming/TinyTeX/texmf-dist/tex/latex/l3kernel/expl3.sty
Package: expl3 2024-05-27 L3 programming layer (loader) 
(c:/Users/Ivan.Trushin/AppData/Roaming/TinyTeX/texmf-dist/tex/latex/l3backend/l3backend-xetex.def
File: l3backend-xetex.def 2024-05-08 L3 backend support: XeTeX
\g__graphics_track_int=\count278
\l__pdf_internal_box=\box56
\g__pdf_backend_annotation_int=\count279
\g__pdf_backend_link_int=\count280
))
Package: unicode-math 2023/08/13 v0.8r Unicode maths in XeLaTeX and LuaLaTeX
(c:/Users/Ivan.Trushin/AppData/Roaming/TinyTeX/texmf-dist/tex/latex/unicode-math/unicode-math-xetex.sty
Package: unicode-math-xetex 2023/08/13 v0.8r Unicode maths in XeLaTeX and LuaLaTeX
(c:/Users/Ivan.Trushin/AppData/Roaming/TinyTeX/texmf-dist/tex/latex/l3packages/xparse/xparse.sty
Package: xparse 2024-05-08 L3 Experimental document command parser
) (c:/Users/Ivan.Trushin/AppData/Roaming/TinyTeX/texmf-dist/tex/latex/l3packages/l3keys2e/l3keys2e.sty
Package: l3keys2e 2024-05-08 LaTeX2e option processing using LaTeX3 keys
) (c:/Users/Ivan.Trushin/AppData/Roaming/TinyTeX/texmf-dist/tex/latex/fontspec/fontspec.sty
Package: fontspec 2024/05/11 v2.9e Font selection for XeLaTeX and LuaLaTeX
(c:/Users/Ivan.Trushin/AppData/Roaming/TinyTeX/texmf-dist/tex/latex/fontspec/fontspec-xetex.sty
Package: fontspec-xetex 2024/05/11 v2.9e Font selection for XeLaTeX and LuaLaTeX
\l__fontspec_script_int=\count281
\l__fontspec_language_int=\count282
\l__fontspec_strnum_int=\count283
\l__fontspec_tmp_int=\count284
\l__fontspec_tmpa_int=\count285
\l__fontspec_tmpb_int=\count286
\l__fontspec_tmpc_int=\count287
\l__fontspec_em_int=\count288
\l__fontspec_emdef_int=\count289
\l__fontspec_strong_int=\count290
\l__fontspec_strongdef_int=\count291
\l__fontspec_tmpa_dim=\dimen151
\l__fontspec_tmpb_dim=\dimen152
\l__fontspec_tmpc_dim=\dimen153
(c:/Users/Ivan.Trushin/AppData/Roaming/TinyTeX/texmf-dist/tex/latex/base/fontenc.sty
Package: fontenc 2021/04/29 v2.0v Standard LaTeX package
) (c:/Users/Ivan.Trushin/AppData/Roaming/TinyTeX/texmf-dist/tex/latex/fontspec/fontspec.cfg))) (c:/Users/Ivan.Trushin/AppData/Roaming/TinyTeX/texmf-dist/tex/latex/base/fix-cm.sty
Package: fix-cm 2020/11/24 v1.1t fixes to LaTeX
(c:/Users/Ivan.Trushin/AppData/Roaming/TinyTeX/texmf-dist/tex/latex/base/ts1enc.def
File: ts1enc.def 2001/06/05 v3.0e (jk/car/fm) Standard LaTeX file
LaTeX Font Info:    Redeclaring font encoding TS1 on input line 47.
))
\g__um_fam_int=\count292
\g__um_fonts_used_int=\count293
\l__um_primecount_int=\count294
\g__um_primekern_muskip=\muskip18
(c:/Users/Ivan.Trushin/AppData/Roaming/TinyTeX/texmf-dist/tex/latex/unicode-math/unicode-math-table.tex))) (c:/Users/Ivan.Trushin/AppData/Roaming/TinyTeX/texmf-dist/tex/latex/libertinus/libertinus.sty
Package: libertinus 2020/05/06 v. 0.02 (Herbert Voss) Supports libertinus fonts for pdflatex/lualatex/xelatex
(c:/Users/Ivan.Trushin/AppData/Roaming/TinyTeX/texmf-dist/tex/latex/xkeyval/xkeyval.sty
Package: xkeyval 2022/06/16 v2.9 package option processing (HA)
(c:/Users/Ivan.Trushin/AppData/Roaming/TinyTeX/texmf-dist/tex/generic/xkeyval/xkeyval.tex (c:/Users/Ivan.Trushin/AppData/Roaming/TinyTeX/texmf-dist/tex/generic/xkeyval/xkvutils.tex
\XKV@toks=\toks23
\XKV@tempa@toks=\toks24
)
\XKV@depth=\count295
File: xkeyval.tex 2014/12/03 v2.7a key=value parser (HA)
)) (c:/Users/Ivan.Trushin/AppData/Roaming/TinyTeX/texmf-dist/tex/latex/libertinus-otf/libertinus-otf.sty
Package: libertinus-otf 2023/09/21 v. 0.32 (Herbert Voss) Supports libertinus fonts for lualatex and xelatex.
(c:/Users/Ivan.Trushin/AppData/Roaming/TinyTeX/texmf-dist/tex/generic/iftex/ifxetex.sty
Package: ifxetex 2019/10/25 v0.7 ifxetex legacy package. Use iftex instead.
) (c:/Users/Ivan.Trushin/AppData/Roaming/TinyTeX/texmf-dist/tex/generic/iftex/ifluatex.sty
Package: ifluatex 2019/10/25 v1.5 ifluatex legacy package. Use iftex instead.
) (c:/Users/Ivan.Trushin/AppData/Roaming/TinyTeX/texmf-dist/tex/latex/base/textcomp.sty
Package: textcomp 2024/04/24 v2.1b Standard LaTeX package
)
Requested font "[LibertinusSerif-Regular.otf]/OT" at 10.94997pt
 -> c:/Users/Ivan.Trushin/AppData/Roaming/TinyTeX/texmf-dist/fonts/opentype/public/libertinus-fonts/LibertinusSerif-Regular.otf
Requested font "[LibertinusSerif-Regular.otf]/OT" at 10.95003pt
 -> c:/Users/Ivan.Trushin/AppData/Roaming/TinyTeX/texmf-dist/fonts/opentype/public/libertinus-fonts/LibertinusSerif-Regular.otf

Package fontspec Info: 
(fontspec)             LibertinusSerif-Regular scale = 1.004661224781475.


Package fontspec Info: 
(fontspec)             LibertinusSerif-Regular scale = 1.

Requested font "[LibertinusSerif-Regular.otf]/OT:script=latn;language=dflt;" at 10.95003pt
 -> c:/Users/Ivan.Trushin/AppData/Roaming/TinyTeX/texmf-dist/fonts/opentype/public/libertinus-fonts/LibertinusSerif-Regular.otf

Package fontspec Info: 
(fontspec)             LibertinusSerif-Regular scale = 1.004661224781475.


Package fontspec Info: 
(fontspec)             LibertinusSerif-Regular scale = 1.


Package fontspec Info: 
(fontspec)             LibertinusSerif-Regular scale = 1.004661224781475.


Package fontspec Info: 
(fontspec)             LibertinusSerif-Regular scale = 1.

Requested font "[LibertinusSerif-Bold.otf]/OT:script=latn;language=dflt;" at 10.95003pt
 -> c:/Users/Ivan.Trushin/AppData/Roaming/TinyTeX/texmf-dist/fonts/opentype/public/libertinus-fonts/LibertinusSerif-Bold.otf

Package fontspec Info: 
(fontspec)             LibertinusSerif-Bold scale = 0.9953786245293341.


Package fontspec Info: 
(fontspec)             LibertinusSerif-Bold scale = 1.


Package fontspec Info: 
(fontspec)             LibertinusSerif-Bold scale = 0.9953786245293341.


Package fontspec Info: 
(fontspec)             LibertinusSerif-Bold scale = 1.

Requested font "[LibertinusSerif-Italic.otf]/OT:script=latn;language=dflt;" at 10.95003pt
 -> c:/Users/Ivan.Trushin/AppData/Roaming/TinyTeX/texmf-dist/fonts/opentype/public/libertinus-fonts/LibertinusSerif-Italic.otf

Package fontspec Info: 
(fontspec)             LibertinusSerif-Italic scale = 1.004661224781475.


Package fontspec Info: 
(fontspec)             LibertinusSerif-Italic scale = 1.


Package fontspec Info: 
(fontspec)             LibertinusSerif-Italic scale = 1.004661224781475.


Package fontspec Info: 
(fontspec)             LibertinusSerif-Italic scale = 1.


Package fontspec Info: 
(fontspec)             LibertinusSerif-Regular scale = 1.004661224781475.


Package fontspec Info: 
(fontspec)             LibertinusSerif-Regular scale = 1.


Package fontspec Info: 
(fontspec)             LibertinusSerif-Regular scale = 1.004661224781475.


Package fontspec Info: 
(fontspec)             LibertinusSerif-Regular scale = 1.

Requested font "[LibertinusSerif-BoldItalic.otf]/OT:script=latn;language=dflt;" at 10.95003pt
 -> c:/Users/Ivan.Trushin/AppData/Roaming/TinyTeX/texmf-dist/fonts/opentype/public/libertinus-fonts/LibertinusSerif-BoldItalic.otf

Package fontspec Info: 
(fontspec)             LibertinusSerif-BoldItalic scale = 1.004661224781475.


Package fontspec Info: 
(fontspec)             LibertinusSerif-BoldItalic scale = 1.


Package fontspec Info: 
(fontspec)             LibertinusSerif-BoldItalic scale = 1.004661224781475.


Package fontspec Info: 
(fontspec)             LibertinusSerif-BoldItalic scale = 1.


Package fontspec Info: 
(fontspec)             LibertinusSerif-Bold scale = 0.9953786245293341.


Package fontspec Info: 
(fontspec)             LibertinusSerif-Bold scale = 1.


Package fontspec Info: 
(fontspec)             LibertinusSerif-Bold scale = 0.9953786245293341.


Package fontspec Info: 
(fontspec)             LibertinusSerif-Bold scale = 1.


Package fontspec Info: 
(fontspec)             Font family 'LibertinusSerif(0)' created for font
(fontspec)             'LibertinusSerif' with options
(fontspec)             [Scale=MatchLowercase,Ligatures =
(fontspec)             TeX,SmallCapsFeatures={Letters=SmallCaps},RawFeature={+hv-kern},RawFeature
(fontspec)             = {+tnum;+lnum},Scale = 1,UprightFont =
(fontspec)             *-Regular,ItalicFont = *-Italic,ItalicFeatures = {
(fontspec)             SmallCapsFont = *-Italic },SlantedFont =
(fontspec)             *-Regular,SlantedFeatures= {FakeSlant=0.2},BoldFont =
(fontspec)             *-Bold,BoldFeatures = { SmallCapsFont =
(fontspec)             *-Bold},BoldItalicFont =
(fontspec)             *-BoldItalic,BoldItalicFeatures = { SmallCapsFont =
(fontspec)             *-BoldItalic },BoldSlantedFont=
(fontspec)             *-Bold,BoldSlantedFeatures= {FakeSlant=0.2,
(fontspec)             SmallCapsFont = *-Bold},SmallCapsFont =
(fontspec)             *-Regular,SmallCapsFeatures={Letters=SmallCaps},Extension
(fontspec)             = .otf].
(fontspec)              
(fontspec)              This font family consists of the following NFSS
(fontspec)             series/shapes:
(fontspec)              
(fontspec)             - 'normal' (m/n) with NFSS spec.:
(fontspec)             <->s*[1]"[LibertinusSerif-Regular.otf]/OT:script=latn;language=dflt;+hv-kern;+tnum;+lnum;mapping=tex-text;"
(fontspec)             - 'small caps'  (m/sc) with NFSS spec.:
(fontspec)             <->s*[1]"[LibertinusSerif-Regular.otf]/OT:script=latn;language=dflt;+hv-kern;+tnum;+lnum;+smcp;mapping=tex-text;"
(fontspec)             - 'bold' (b/n) with NFSS spec.:
(fontspec)             <->s*[1]"[LibertinusSerif-Bold.otf]/OT:script=latn;language=dflt;+hv-kern;+tnum;+lnum;mapping=tex-text;"
(fontspec)             - 'bold small caps'  (b/sc) with NFSS spec.:
(fontspec)             <->s*[1]"[LibertinusSerif-Bold.otf]/OT:script=latn;language=dflt;+hv-kern;+tnum;+lnum;+smcp;mapping=tex-text;"
(fontspec)             - 'italic' (m/it) with NFSS spec.:
(fontspec)             <->s*[1]"[LibertinusSerif-Italic.otf]/OT:script=latn;language=dflt;+hv-kern;+tnum;+lnum;mapping=tex-text;"
(fontspec)             - 'italic small caps'  (m/scit) with NFSS spec.:
(fontspec)             <->s*[1]"[LibertinusSerif-Italic.otf]/OT:script=latn;language=dflt;+hv-kern;+tnum;+lnum;+smcp;mapping=tex-text;"
(fontspec)             - 'slanted' (m/sl) with NFSS spec.:
(fontspec)             <->s*[1]"[LibertinusSerif-Regular.otf]/OT:script=latn;language=dflt;slant=0.2;+hv-kern;+tnum;+lnum;mapping=tex-text;"
(fontspec)             - 'slanted small caps'  (m/scsl) with NFSS spec.:
(fontspec)             <->s*[1]"[LibertinusSerif-Regular.otf]/OT:script=latn;language=dflt;slant=0.2;+hv-kern;+tnum;+lnum;+smcp;mapping=tex-text;"
(fontspec)             - 'bold italic' (b/it) with NFSS spec.:
(fontspec)             <->s*[1]"[LibertinusSerif-BoldItalic.otf]/OT:script=latn;language=dflt;+hv-kern;+tnum;+lnum;mapping=tex-text;"
(fontspec)             - 'bold italic small caps'  (b/scit) with NFSS spec.:
(fontspec)             <->s*[1]"[LibertinusSerif-BoldItalic.otf]/OT:script=latn;language=dflt;+hv-kern;+tnum;+lnum;+smcp;mapping=tex-text;"
(fontspec)             - 'bold slanted' (b/sl) with NFSS spec.:
(fontspec)             <->s*[1]"[LibertinusSerif-Bold.otf]/OT:script=latn;language=dflt;slant=0.2;+hv-kern;+tnum;+lnum;mapping=tex-text;"
(fontspec)             - 'bold slanted small caps'  (b/scsl) with NFSS spec.:
(fontspec)             <->s*[1]"[LibertinusSerif-Bold.otf]/OT:script=latn;language=dflt;slant=0.2;+hv-kern;+tnum;+lnum;+smcp;mapping=tex-text;"

LaTeX Font Info:    Font shape `TU/LibertinusSerif(0)/m/n' will be
(Font)              scaled to size 10.95pt on input line 232.
Requested font "[LibertinusSerif-Regular.otf]/OT:script=latn;language=dflt;+hv-kern;+tnum;+lnum;mapping=tex-text;" at 10.95pt
 -> c:/Users/Ivan.Trushin/AppData/Roaming/TinyTeX/texmf-dist/fonts/opentype/public/libertinus-fonts/LibertinusSerif-Regular.otf

Package fontspec Info: 
(fontspec)             LibertinusSerif-Regular scale = 1.


Package fontspec Info: 
(fontspec)             LibertinusSerif-Regular scale = 1.


Package fontspec Info: 
(fontspec)             LibertinusSerif-Regular scale = 1.


Package fontspec Info: 
(fontspec)             LibertinusSerif-Regular scale = 1.


Package fontspec Info: 
(fontspec)             LibertinusSerif-Regular scale = 1.


Package fontspec Info: 
(fontspec)             LibertinusSerif-Regular scale = 1.


Package fontspec Info: 
(fontspec)             LibertinusSerif-Bold scale = 0.990760467286712.


Package fontspec Info: 
(fontspec)             LibertinusSerif-Bold scale = 1.


Package fontspec Info: 
(fontspec)             LibertinusSerif-Bold scale = 0.990760467286712.


Package fontspec Info: 
(fontspec)             LibertinusSerif-Bold scale = 1.


Package fontspec Info: 
(fontspec)             LibertinusSerif-Italic scale = 1.


Package fontspec Info: 
(fontspec)             LibertinusSerif-Italic scale = 1.


Package fontspec Info: 
(fontspec)             LibertinusSerif-Italic scale = 1.


Package fontspec Info: 
(fontspec)             LibertinusSerif-Italic scale = 1.


Package fontspec Info: 
(fontspec)             LibertinusSerif-Regular scale = 1.


Package fontspec Info: 
(fontspec)             LibertinusSerif-Regular scale = 1.


Package fontspec Info: 
(fontspec)             LibertinusSerif-Regular scale = 1.


Package fontspec Info: 
(fontspec)             LibertinusSerif-Regular scale = 1.


Package fontspec Info: 
(fontspec)             LibertinusSerif-BoldItalic scale = 1.


Package fontspec Info: 
(fontspec)             LibertinusSerif-BoldItalic scale = 1.


Package fontspec Info: 
(fontspec)             LibertinusSerif-BoldItalic scale = 1.


Package fontspec Info: 
(fontspec)             LibertinusSerif-BoldItalic scale = 1.


Package fontspec Info: 
(fontspec)             LibertinusSerif-Bold scale = 0.990760467286712.


Package fontspec Info: 
(fontspec)             LibertinusSerif-Bold scale = 1.


Package fontspec Info: 
(fontspec)             LibertinusSerif-Bold scale = 0.990760467286712.


Package fontspec Info: 
(fontspec)             LibertinusSerif-Bold scale = 1.


Package fontspec Info: 
(fontspec)             Font family 'LibertinusSerif(1)' created for font
(fontspec)             'LibertinusSerif' with options
(fontspec)             [Scale=MatchLowercase,RawFeature = {+tnum;+lnum},Scale
(fontspec)             = 1,UprightFont = *-Regular,ItalicFont =
(fontspec)             *-Italic,ItalicFeatures = { SmallCapsFont = *-Italic
(fontspec)             },SlantedFont = *-Regular,SlantedFeatures=
(fontspec)             {FakeSlant=0.2},BoldFont = *-Bold,BoldFeatures = {
(fontspec)             SmallCapsFont = *-Bold},BoldItalicFont =
(fontspec)             *-BoldItalic,BoldItalicFeatures = { SmallCapsFont =
(fontspec)             *-BoldItalic },BoldSlantedFont=
(fontspec)             *-Bold,BoldSlantedFeatures= {FakeSlant=0.2,
(fontspec)             SmallCapsFont = *-Bold},SmallCapsFont =
(fontspec)             *-Regular,SmallCapsFeatures={Letters=SmallCaps},Extension
(fontspec)             = .otf].
(fontspec)              
(fontspec)              This font family consists of the following NFSS
(fontspec)             series/shapes:
(fontspec)              
(fontspec)             - 'normal' (m/n) with NFSS spec.:
(fontspec)             <->s*[1]"[LibertinusSerif-Regular.otf]/OT:script=latn;language=dflt;+tnum;+lnum;"
(fontspec)             - 'small caps'  (m/sc) with NFSS spec.:
(fontspec)             <->s*[1]"[LibertinusSerif-Regular.otf]/OT:script=latn;language=dflt;+tnum;+lnum;+smcp;"
(fontspec)             - 'bold' (b/n) with NFSS spec.:
(fontspec)             <->s*[1]"[LibertinusSerif-Bold.otf]/OT:script=latn;language=dflt;+tnum;+lnum;"
(fontspec)             - 'bold small caps'  (b/sc) with NFSS spec.:
(fontspec)             <->s*[1]"[LibertinusSerif-Bold.otf]/OT:script=latn;language=dflt;+tnum;+lnum;+smcp;"
(fontspec)             - 'italic' (m/it) with NFSS spec.:
(fontspec)             <->s*[1]"[LibertinusSerif-Italic.otf]/OT:script=latn;language=dflt;+tnum;+lnum;"
(fontspec)             - 'italic small caps'  (m/scit) with NFSS spec.:
(fontspec)             <->s*[1]"[LibertinusSerif-Italic.otf]/OT:script=latn;language=dflt;+tnum;+lnum;+smcp;"
(fontspec)             - 'slanted' (m/sl) with NFSS spec.:
(fontspec)             <->s*[1]"[LibertinusSerif-Regular.otf]/OT:script=latn;language=dflt;slant=0.2;+tnum;+lnum;"
(fontspec)             - 'slanted small caps'  (m/scsl) with NFSS spec.:
(fontspec)             <->s*[1]"[LibertinusSerif-Regular.otf]/OT:script=latn;language=dflt;slant=0.2;+tnum;+lnum;+smcp;"
(fontspec)             - 'bold italic' (b/it) with NFSS spec.:
(fontspec)             <->s*[1]"[LibertinusSerif-BoldItalic.otf]/OT:script=latn;language=dflt;+tnum;+lnum;"
(fontspec)             - 'bold italic small caps'  (b/scit) with NFSS spec.:
(fontspec)             <->s*[1]"[LibertinusSerif-BoldItalic.otf]/OT:script=latn;language=dflt;+tnum;+lnum;+smcp;"
(fontspec)             - 'bold slanted' (b/sl) with NFSS spec.:
(fontspec)             <->s*[1]"[LibertinusSerif-Bold.otf]/OT:script=latn;language=dflt;slant=0.2;+tnum;+lnum;"
(fontspec)             - 'bold slanted small caps'  (b/scsl) with NFSS spec.:
(fontspec)             <->s*[1]"[LibertinusSerif-Bold.otf]/OT:script=latn;language=dflt;slant=0.2;+tnum;+lnum;+smcp;"

LaTeX Font Info:    Overwriting math alphabet `\mathrm' in version `normal'
(Font)                  OT1/cmr/m/n --> TU/LibertinusSerif(1)/m/n on input line 232.
LaTeX Font Info:    Overwriting math alphabet `\mathit' in version `normal'
(Font)                  OT1/cmr/m/it --> TU/LibertinusSerif(1)/m/it on input line 232.
LaTeX Font Info:    Overwriting math alphabet `\mathbf' in version `normal'
(Font)                  OT1/cmr/bx/n --> TU/LibertinusSerif(1)/b/n on input line 232.

Package fontspec Info: 
(fontspec)             LibertinusSerif-Regular scale = 1.


Package fontspec Info: 
(fontspec)             LibertinusSerif-Regular scale = 1.


Package fontspec Info: 
(fontspec)             LibertinusSerif-Regular scale = 1.


Package fontspec Info: 
(fontspec)             LibertinusSerif-Regular scale = 1.


Package fontspec Info: 
(fontspec)             LibertinusSerif-Regular scale = 1.


Package fontspec Info: 
(fontspec)             LibertinusSerif-Regular scale = 1.

Requested font "[LibertinusSerif-Semibold.otf]/OT:script=latn;language=dflt;" at 10.95003pt
 -> c:/Users/Ivan.Trushin/AppData/Roaming/TinyTeX/texmf-dist/fonts/opentype/public/libertinus-fonts/LibertinusSerif-Semibold.otf

Package fontspec Info: 
(fontspec)             LibertinusSerif-Semibold scale = 0.9265633135596026.


Package fontspec Info: 
(fontspec)             LibertinusSerif-Semibold scale = 1.


Package fontspec Info: 
(fontspec)             LibertinusSerif-Semibold scale = 0.9265633135596026.


Package fontspec Info: 
(fontspec)             LibertinusSerif-Semibold scale = 1.


Package fontspec Info: 
(fontspec)             LibertinusSerif-Italic scale = 1.


Package fontspec Info: 
(fontspec)             LibertinusSerif-Italic scale = 1.


Package fontspec Info: 
(fontspec)             LibertinusSerif-Italic scale = 1.


Package fontspec Info: 
(fontspec)             LibertinusSerif-Italic scale = 1.


Package fontspec Info: 
(fontspec)             LibertinusSerif-Regular scale = 1.


Package fontspec Info: 
(fontspec)             LibertinusSerif-Regular scale = 1.


Package fontspec Info: 
(fontspec)             LibertinusSerif-Regular scale = 1.


Package fontspec Info: 
(fontspec)             LibertinusSerif-Regular scale = 1.

Requested font "[LibertinusSerif-SemiboldItalic.otf]/OT:script=latn;language=dflt;" at 10.95003pt
 -> c:/Users/Ivan.Trushin/AppData/Roaming/TinyTeX/texmf-dist/fonts/opentype/public/libertinus-fonts/LibertinusSerif-SemiboldItalic.otf

Package fontspec Info: 
(fontspec)             LibertinusSerif-SemiboldItalic scale =
(fontspec)             0.9640447045634606.


Package fontspec Info: 
(fontspec)             LibertinusSerif-SemiboldItalic scale = 1.


Package fontspec Info: 
(fontspec)             LibertinusSerif-SemiboldItalic scale =
(fontspec)             0.9640447045634606.


Package fontspec Info: 
(fontspec)             LibertinusSerif-SemiboldItalic scale = 1.


Package fontspec Info: 
(fontspec)             LibertinusSerif-Semibold scale = 0.9265633135596026.


Package fontspec Info: 
(fontspec)             LibertinusSerif-Semibold scale = 1.


Package fontspec Info: 
(fontspec)             LibertinusSerif-Semibold scale = 0.9265633135596026.


Package fontspec Info: 
(fontspec)             LibertinusSerif-Semibold scale = 1.


Package fontspec Info: 
(fontspec)             Font family 'LibertinusSerif(2)' created for font
(fontspec)             'LibertinusSerif' with options
(fontspec)             [Scale=MatchLowercase,RawFeature = {+tnum;+lnum},Scale
(fontspec)             = 1,UprightFont = *-Regular,ItalicFont =
(fontspec)             *-Italic,ItalicFeatures = { SmallCapsFont = *-Italic
(fontspec)             },SlantedFont = *-Regular,SlantedFeatures=
(fontspec)             {FakeSlant=0.2},BoldFont = *-Semibold,BoldFeatures = {
(fontspec)             SmallCapsFont = *-Semibold },BoldItalicFont =
(fontspec)             *-SemiboldItalic,BoldItalicFeatures = { SmallCapsFont =
(fontspec)             *-SemiboldItalic },BoldSlantedFont=
(fontspec)             *-Semibold,BoldSlantedFeatures = {FakeSlant=0.2,
(fontspec)             SmallCapsFont = *-Semibold },SmallCapsFont =
(fontspec)             *-Regular,SmallCapsFeatures={Letters=SmallCaps},Extension
(fontspec)             = .otf].
(fontspec)              
(fontspec)              This font family consists of the following NFSS
(fontspec)             series/shapes:
(fontspec)              
(fontspec)             - 'normal' (m/n) with NFSS spec.:
(fontspec)             <->s*[1]"[LibertinusSerif-Regular.otf]/OT:script=latn;language=dflt;+tnum;+lnum;"
(fontspec)             - 'small caps'  (m/sc) with NFSS spec.:
(fontspec)             <->s*[1]"[LibertinusSerif-Regular.otf]/OT:script=latn;language=dflt;+tnum;+lnum;+smcp;"
(fontspec)             - 'bold' (b/n) with NFSS spec.:
(fontspec)             <->s*[1]"[LibertinusSerif-Semibold.otf]/OT:script=latn;language=dflt;+tnum;+lnum;"
(fontspec)             - 'bold small caps'  (b/sc) with NFSS spec.:
(fontspec)             <->s*[1]"[LibertinusSerif-Semibold.otf]/OT:script=latn;language=dflt;+tnum;+lnum;+smcp;"
(fontspec)             - 'italic' (m/it) with NFSS spec.:
(fontspec)             <->s*[1]"[LibertinusSerif-Italic.otf]/OT:script=latn;language=dflt;+tnum;+lnum;"
(fontspec)             - 'italic small caps'  (m/scit) with NFSS spec.:
(fontspec)             <->s*[1]"[LibertinusSerif-Italic.otf]/OT:script=latn;language=dflt;+tnum;+lnum;+smcp;"
(fontspec)             - 'slanted' (m/sl) with NFSS spec.:
(fontspec)             <->s*[1]"[LibertinusSerif-Regular.otf]/OT:script=latn;language=dflt;slant=0.2;+tnum;+lnum;"
(fontspec)             - 'slanted small caps'  (m/scsl) with NFSS spec.:
(fontspec)             <->s*[1]"[LibertinusSerif-Regular.otf]/OT:script=latn;language=dflt;slant=0.2;+tnum;+lnum;+smcp;"
(fontspec)             - 'bold italic' (b/it) with NFSS spec.:
(fontspec)             <->s*[1]"[LibertinusSerif-SemiboldItalic.otf]/OT:script=latn;language=dflt;+tnum;+lnum;"
(fontspec)             - 'bold italic small caps'  (b/scit) with NFSS spec.:
(fontspec)             <->s*[1]"[LibertinusSerif-SemiboldItalic.otf]/OT:script=latn;language=dflt;+tnum;+lnum;+smcp;"
(fontspec)             - 'bold slanted' (b/sl) with NFSS spec.:
(fontspec)             <->s*[1]"[LibertinusSerif-Semibold.otf]/OT:script=latn;language=dflt;slant=0.2;+tnum;+lnum;"
(fontspec)             - 'bold slanted small caps'  (b/scsl) with NFSS spec.:
(fontspec)             <->s*[1]"[LibertinusSerif-Semibold.otf]/OT:script=latn;language=dflt;slant=0.2;+tnum;+lnum;+smcp;"


Package fontspec Info: 
(fontspec)             LibertinusSerif-Regular scale = 1.


Package fontspec Info: 
(fontspec)             LibertinusSerif-Regular scale = 1.


Package fontspec Info: 
(fontspec)             LibertinusSerif-Regular scale = 1.


Package fontspec Info: 
(fontspec)             LibertinusSerif-Regular scale = 1.


Package fontspec Info: 
(fontspec)             LibertinusSerif-Regular scale = 1.


Package fontspec Info: 
(fontspec)             LibertinusSerif-Regular scale = 1.


Package fontspec Info: 
(fontspec)             LibertinusSerif-Bold scale = 0.990760467286712.


Package fontspec Info: 
(fontspec)             LibertinusSerif-Bold scale = 1.


Package fontspec Info: 
(fontspec)             LibertinusSerif-Bold scale = 0.990760467286712.


Package fontspec Info: 
(fontspec)             LibertinusSerif-Bold scale = 1.


Package fontspec Info: 
(fontspec)             LibertinusSerif-Italic scale = 1.


Package fontspec Info: 
(fontspec)             LibertinusSerif-Italic scale = 1.


Package fontspec Info: 
(fontspec)             LibertinusSerif-Italic scale = 1.


Package fontspec Info: 
(fontspec)             LibertinusSerif-Italic scale = 1.


Package fontspec Info: 
(fontspec)             LibertinusSerif-Regular scale = 1.


Package fontspec Info: 
(fontspec)             LibertinusSerif-Regular scale = 1.


Package fontspec Info: 
(fontspec)             LibertinusSerif-Regular scale = 1.


Package fontspec Info: 
(fontspec)             LibertinusSerif-Regular scale = 1.


Package fontspec Info: 
(fontspec)             LibertinusSerif-BoldItalic scale = 1.


Package fontspec Info: 
(fontspec)             LibertinusSerif-BoldItalic scale = 1.


Package fontspec Info: 
(fontspec)             LibertinusSerif-BoldItalic scale = 1.


Package fontspec Info: 
(fontspec)             LibertinusSerif-BoldItalic scale = 1.


Package fontspec Info: 
(fontspec)             LibertinusSerif-Bold scale = 0.990760467286712.


Package fontspec Info: 
(fontspec)             LibertinusSerif-Bold scale = 1.


Package fontspec Info: 
(fontspec)             LibertinusSerif-Bold scale = 0.990760467286712.


Package fontspec Info: 
(fontspec)             LibertinusSerif-Bold scale = 1.


Package fontspec Info: 
(fontspec)             Font family 'LibertinusSerif(3)' created for font
(fontspec)             'LibertinusSerif' with options
(fontspec)             [Scale=MatchLowercase,RawFeature = {+onum},Scale =
(fontspec)             1,UprightFont = *-Regular,ItalicFont =
(fontspec)             *-Italic,ItalicFeatures = { SmallCapsFont = *-Italic
(fontspec)             },SlantedFont = *-Regular,SlantedFeatures=
(fontspec)             {FakeSlant=0.2},BoldFont = *-Bold,BoldFeatures = {
(fontspec)             SmallCapsFont = *-Bold},BoldItalicFont =
(fontspec)             *-BoldItalic,BoldItalicFeatures = { SmallCapsFont =
(fontspec)             *-BoldItalic },BoldSlantedFont=
(fontspec)             *-Bold,BoldSlantedFeatures = {FakeSlant=0.2,
(fontspec)             SmallCapsFont = *-Bold},SmallCapsFont =
(fontspec)             *-Regular,SmallCapsFeatures={Letters=SmallCaps},Extension
(fontspec)             = .otf].
(fontspec)              
(fontspec)              This font family consists of the following NFSS
(fontspec)             series/shapes:
(fontspec)              
(fontspec)             - 'normal' (m/n) with NFSS spec.:
(fontspec)             <->s*[1]"[LibertinusSerif-Regular.otf]/OT:script=latn;language=dflt;+onum;"
(fontspec)             - 'small caps'  (m/sc) with NFSS spec.:
(fontspec)             <->s*[1]"[LibertinusSerif-Regular.otf]/OT:script=latn;language=dflt;+onum;+smcp;"
(fontspec)             - 'bold' (b/n) with NFSS spec.:
(fontspec)             <->s*[1]"[LibertinusSerif-Bold.otf]/OT:script=latn;language=dflt;+onum;"
(fontspec)             - 'bold small caps'  (b/sc) with NFSS spec.:
(fontspec)             <->s*[1]"[LibertinusSerif-Bold.otf]/OT:script=latn;language=dflt;+onum;+smcp;"
(fontspec)             - 'italic' (m/it) with NFSS spec.:
(fontspec)             <->s*[1]"[LibertinusSerif-Italic.otf]/OT:script=latn;language=dflt;+onum;"
(fontspec)             - 'italic small caps'  (m/scit) with NFSS spec.:
(fontspec)             <->s*[1]"[LibertinusSerif-Italic.otf]/OT:script=latn;language=dflt;+onum;+smcp;"
(fontspec)             - 'slanted' (m/sl) with NFSS spec.:
(fontspec)             <->s*[1]"[LibertinusSerif-Regular.otf]/OT:script=latn;language=dflt;slant=0.2;+onum;"
(fontspec)             - 'slanted small caps'  (m/scsl) with NFSS spec.:
(fontspec)             <->s*[1]"[LibertinusSerif-Regular.otf]/OT:script=latn;language=dflt;slant=0.2;+onum;+smcp;"
(fontspec)             - 'bold italic' (b/it) with NFSS spec.:
(fontspec)             <->s*[1]"[LibertinusSerif-BoldItalic.otf]/OT:script=latn;language=dflt;+onum;"
(fontspec)             - 'bold italic small caps'  (b/scit) with NFSS spec.:
(fontspec)             <->s*[1]"[LibertinusSerif-BoldItalic.otf]/OT:script=latn;language=dflt;+onum;+smcp;"
(fontspec)             - 'bold slanted' (b/sl) with NFSS spec.:
(fontspec)             <->s*[1]"[LibertinusSerif-Bold.otf]/OT:script=latn;language=dflt;slant=0.2;+onum;"
(fontspec)             - 'bold slanted small caps'  (b/scsl) with NFSS spec.:
(fontspec)             <->s*[1]"[LibertinusSerif-Bold.otf]/OT:script=latn;language=dflt;slant=0.2;+onum;+smcp;"


Package fontspec Info: 
(fontspec)             LibertinusSerif-Regular scale = 1.


Package fontspec Info: 
(fontspec)             LibertinusSerif-Regular scale = 1.


Package fontspec Info: 
(fontspec)             LibertinusSerif-Regular scale = 1.


Package fontspec Info: 
(fontspec)             LibertinusSerif-Regular scale = 1.


Package fontspec Info: 
(fontspec)             LibertinusSerif-Regular scale = 1.


Package fontspec Info: 
(fontspec)             LibertinusSerif-Regular scale = 1.


Package fontspec Info: 
(fontspec)             LibertinusSerif-Bold scale = 0.990760467286712.


Package fontspec Info: 
(fontspec)             LibertinusSerif-Bold scale = 1.


Package fontspec Info: 
(fontspec)             LibertinusSerif-Bold scale = 0.990760467286712.


Package fontspec Info: 
(fontspec)             LibertinusSerif-Bold scale = 1.


Package fontspec Info: 
(fontspec)             LibertinusSerif-Italic scale = 1.


Package fontspec Info: 
(fontspec)             LibertinusSerif-Italic scale = 1.


Package fontspec Info: 
(fontspec)             LibertinusSerif-Italic scale = 1.


Package fontspec Info: 
(fontspec)             LibertinusSerif-Italic scale = 1.


Package fontspec Info: 
(fontspec)             LibertinusSerif-Regular scale = 1.


Package fontspec Info: 
(fontspec)             LibertinusSerif-Regular scale = 1.


Package fontspec Info: 
(fontspec)             LibertinusSerif-Regular scale = 1.


Package fontspec Info: 
(fontspec)             LibertinusSerif-Regular scale = 1.


Package fontspec Info: 
(fontspec)             LibertinusSerif-BoldItalic scale = 1.


Package fontspec Info: 
(fontspec)             LibertinusSerif-BoldItalic scale = 1.


Package fontspec Info: 
(fontspec)             LibertinusSerif-BoldItalic scale = 1.


Package fontspec Info: 
(fontspec)             LibertinusSerif-BoldItalic scale = 1.


Package fontspec Info: 
(fontspec)             LibertinusSerif-Bold scale = 0.990760467286712.


Package fontspec Info: 
(fontspec)             LibertinusSerif-Bold scale = 1.


Package fontspec Info: 
(fontspec)             LibertinusSerif-Bold scale = 0.990760467286712.


Package fontspec Info: 
(fontspec)             LibertinusSerif-Bold scale = 1.


Package fontspec Info: 
(fontspec)             Font family 'LibertinusSerif(4)' created for font
(fontspec)             'LibertinusSerif' with options
(fontspec)             [Scale=MatchLowercase,RawFeature = {+tnum;-onum},Scale
(fontspec)             = 1,UprightFont = *-Regular,ItalicFont =
(fontspec)             *-Italic,ItalicFeatures = { SmallCapsFont = *-Italic
(fontspec)             },SlantedFont = *-Regular,SlantedFeatures=
(fontspec)             {FakeSlant=0.2},BoldFont = *-Bold,BoldFeatures = {
(fontspec)             SmallCapsFont = *-Bold},BoldItalicFont =
(fontspec)             *-BoldItalic,BoldItalicFeatures = { SmallCapsFont =
(fontspec)             *-BoldItalic },BoldSlantedFont=
(fontspec)             *-Bold,BoldSlantedFeatures = {FakeSlant=0.2,
(fontspec)             SmallCapsFont = *-Bold},SmallCapsFont =
(fontspec)             *-Regular,SmallCapsFeatures={Letters=SmallCaps},Extension
(fontspec)             = .otf].
(fontspec)              
(fontspec)              This font family consists of the following NFSS
(fontspec)             series/shapes:
(fontspec)              
(fontspec)             - 'normal' (m/n) with NFSS spec.:
(fontspec)             <->s*[1]"[LibertinusSerif-Regular.otf]/OT:script=latn;language=dflt;+tnum;-onum;"
(fontspec)             - 'small caps'  (m/sc) with NFSS spec.:
(fontspec)             <->s*[1]"[LibertinusSerif-Regular.otf]/OT:script=latn;language=dflt;+tnum;-onum;+smcp;"
(fontspec)             - 'bold' (b/n) with NFSS spec.:
(fontspec)             <->s*[1]"[LibertinusSerif-Bold.otf]/OT:script=latn;language=dflt;+tnum;-onum;"
(fontspec)             - 'bold small caps'  (b/sc) with NFSS spec.:
(fontspec)             <->s*[1]"[LibertinusSerif-Bold.otf]/OT:script=latn;language=dflt;+tnum;-onum;+smcp;"
(fontspec)             - 'italic' (m/it) with NFSS spec.:
(fontspec)             <->s*[1]"[LibertinusSerif-Italic.otf]/OT:script=latn;language=dflt;+tnum;-onum;"
(fontspec)             - 'italic small caps'  (m/scit) with NFSS spec.:
(fontspec)             <->s*[1]"[LibertinusSerif-Italic.otf]/OT:script=latn;language=dflt;+tnum;-onum;+smcp;"
(fontspec)             - 'slanted' (m/sl) with NFSS spec.:
(fontspec)             <->s*[1]"[LibertinusSerif-Regular.otf]/OT:script=latn;language=dflt;slant=0.2;+tnum;-onum;"
(fontspec)             - 'slanted small caps'  (m/scsl) with NFSS spec.:
(fontspec)             <->s*[1]"[LibertinusSerif-Regular.otf]/OT:script=latn;language=dflt;slant=0.2;+tnum;-onum;+smcp;"
(fontspec)             - 'bold italic' (b/it) with NFSS spec.:
(fontspec)             <->s*[1]"[LibertinusSerif-BoldItalic.otf]/OT:script=latn;language=dflt;+tnum;-onum;"
(fontspec)             - 'bold italic small caps'  (b/scit) with NFSS spec.:
(fontspec)             <->s*[1]"[LibertinusSerif-BoldItalic.otf]/OT:script=latn;language=dflt;+tnum;-onum;+smcp;"
(fontspec)             - 'bold slanted' (b/sl) with NFSS spec.:
(fontspec)             <->s*[1]"[LibertinusSerif-Bold.otf]/OT:script=latn;language=dflt;slant=0.2;+tnum;-onum;"
(fontspec)             - 'bold slanted small caps'  (b/scsl) with NFSS spec.:
(fontspec)             <->s*[1]"[LibertinusSerif-Bold.otf]/OT:script=latn;language=dflt;slant=0.2;+tnum;-onum;+smcp;"

Requested font "[LibertinusSans-Regular.otf]/OT" at 10.94997pt
 -> c:/Users/Ivan.Trushin/AppData/Roaming/TinyTeX/texmf-dist/fonts/opentype/public/libertinus-fonts/LibertinusSans-Regular.otf
Requested font "[LibertinusSans-Regular.otf]/OT" at 10.95003pt
 -> c:/Users/Ivan.Trushin/AppData/Roaming/TinyTeX/texmf-dist/fonts/opentype/public/libertinus-fonts/LibertinusSans-Regular.otf

Package fontspec Info: 
(fontspec)             LibertinusSans-Regular scale = 0.9326064960951938.


Package fontspec Info: 
(fontspec)             LibertinusSans-Regular scale = 1.

Requested font "[LibertinusSans-Regular.otf]/OT:script=latn;language=dflt;" at 10.95003pt
 -> c:/Users/Ivan.Trushin/AppData/Roaming/TinyTeX/texmf-dist/fonts/opentype/public/libertinus-fonts/LibertinusSans-Regular.otf

Package fontspec Info: 
(fontspec)             LibertinusSans-Regular scale = 0.9326064960951938.


Package fontspec Info: 
(fontspec)             LibertinusSans-Regular scale = 1.


Package fontspec Info: 
(fontspec)             LibertinusSans-Regular scale = 0.9326064960951938.


Package fontspec Info: 
(fontspec)             LibertinusSans-Regular scale = 1.

Requested font "[LibertinusSans-Bold.otf]/OT:script=latn;language=dflt;" at 10.95003pt
 -> c:/Users/Ivan.Trushin/AppData/Roaming/TinyTeX/texmf-dist/fonts/opentype/public/libertinus-fonts/LibertinusSans-Bold.otf

Package fontspec Info: 
(fontspec)             LibertinusSans-Bold scale = 1.


Package fontspec Info: 
(fontspec)             LibertinusSans-Bold scale = 1.


Package fontspec Info: 
(fontspec)             LibertinusSans-Bold scale = 1.


Package fontspec Info: 
(fontspec)             LibertinusSans-Bold scale = 1.

Requested font "[LibertinusSans-Italic.otf]/OT:script=latn;language=dflt;" at 10.95003pt
 -> c:/Users/Ivan.Trushin/AppData/Roaming/TinyTeX/texmf-dist/fonts/opentype/public/libertinus-fonts/LibertinusSans-Italic.otf

Package fontspec Info: 
(fontspec)             LibertinusSans-Italic scale = 1.


Package fontspec Info: 
(fontspec)             LibertinusSans-Italic scale = 1.


Package fontspec Info: 
(fontspec)             LibertinusSans-Italic scale = 1.


Package fontspec Info: 
(fontspec)             LibertinusSans-Italic scale = 1.


Package fontspec Info: 
(fontspec)             LibertinusSans-Regular scale = 0.9326064960951938.


Package fontspec Info: 
(fontspec)             LibertinusSans-Regular scale = 1.


Package fontspec Info: 
(fontspec)             LibertinusSans-Regular scale = 0.9326064960951938.


Package fontspec Info: 
(fontspec)             LibertinusSans-Regular scale = 1.


Package fontspec Info: 
(fontspec)             LibertinusSans-Italic scale = 1.


Package fontspec Info: 
(fontspec)             LibertinusSans-Italic scale = 1.


Package fontspec Info: 
(fontspec)             LibertinusSans-Italic scale = 1.


Package fontspec Info: 
(fontspec)             LibertinusSans-Italic scale = 1.


Package fontspec Info: 
(fontspec)             LibertinusSans-Bold scale = 1.


Package fontspec Info: 
(fontspec)             LibertinusSans-Bold scale = 1.


Package fontspec Info: 
(fontspec)             LibertinusSans-Bold scale = 1.


Package fontspec Info: 
(fontspec)             LibertinusSans-Bold scale = 1.


Package fontspec Info: 
(fontspec)             Font family 'LibertinusSans(0)' created for font
(fontspec)             'LibertinusSans' with options
(fontspec)             [Scale=MatchLowercase,Ligatures =
(fontspec)             TeX,SmallCapsFeatures={Letters=SmallCaps},RawFeature={+hv-kern},Extension
(fontspec)             = .otf,RawFeature = {+tnum;+lnum},Scale = 1,UprightFont
(fontspec)             = *-Regular,ItalicFont = *-Italic,ItalicFeatures = {
(fontspec)             SmallCapsFont = *-Italic },SlantedFont =
(fontspec)             *-Regular,SlantedFeatures= {FakeSlant=0.2},BoldFont =
(fontspec)             *-Bold,BoldFeatures = { SmallCapsFont = *-Bold
(fontspec)             },BoldItalicFont = *-Italic,BoldItalicFeatures =
(fontspec)             {RawFeature={embolden=3},SmallCapsFont = *-Italic
(fontspec)             },BoldSlantedFont= *-Bold,BoldSlantedFeatures =
(fontspec)             {FakeSlant=0.2, SmallCapsFont = *-Bold },SmallCapsFont
(fontspec)             = *-Regular,SmallCapsFeatures={Letters=SmallCaps}].
(fontspec)              
(fontspec)              This font family consists of the following NFSS
(fontspec)             series/shapes:
(fontspec)              
(fontspec)             - 'normal' (m/n) with NFSS spec.:
(fontspec)             <->s*[1]"[LibertinusSans-Regular.otf]/OT:script=latn;language=dflt;+hv-kern;+tnum;+lnum;mapping=tex-text;"
(fontspec)             - 'small caps'  (m/sc) with NFSS spec.:
(fontspec)             <->s*[1]"[LibertinusSans-Regular.otf]/OT:script=latn;language=dflt;+hv-kern;+tnum;+lnum;+smcp;mapping=tex-text;"
(fontspec)             - 'bold' (b/n) with NFSS spec.:
(fontspec)             <->s*[1]"[LibertinusSans-Bold.otf]/OT:script=latn;language=dflt;+hv-kern;+tnum;+lnum;mapping=tex-text;"
(fontspec)             - 'bold small caps'  (b/sc) with NFSS spec.:
(fontspec)             <->s*[1]"[LibertinusSans-Bold.otf]/OT:script=latn;language=dflt;+hv-kern;+tnum;+lnum;+smcp;mapping=tex-text;"
(fontspec)             - 'italic' (m/it) with NFSS spec.:
(fontspec)             <->s*[1]"[LibertinusSans-Italic.otf]/OT:script=latn;language=dflt;+hv-kern;+tnum;+lnum;mapping=tex-text;"
(fontspec)             - 'italic small caps'  (m/scit) with NFSS spec.:
(fontspec)             <->s*[1]"[LibertinusSans-Italic.otf]/OT:script=latn;language=dflt;+hv-kern;+tnum;+lnum;+smcp;mapping=tex-text;"
(fontspec)             - 'slanted' (m/sl) with NFSS spec.:
(fontspec)             <->s*[1]"[LibertinusSans-Regular.otf]/OT:script=latn;language=dflt;slant=0.2;+hv-kern;+tnum;+lnum;mapping=tex-text;"
(fontspec)             - 'slanted small caps'  (m/scsl) with NFSS spec.:
(fontspec)             <->s*[1]"[LibertinusSans-Regular.otf]/OT:script=latn;language=dflt;slant=0.2;+hv-kern;+tnum;+lnum;+smcp;mapping=tex-text;"
(fontspec)             - 'bold italic' (b/it) with NFSS spec.:
(fontspec)             <->s*[1]"[LibertinusSans-Italic.otf]/OT:script=latn;language=dflt;+hv-kern;+tnum;+lnum;embolden=3;mapping=tex-text;"
(fontspec)             - 'bold italic small caps'  (b/scit) with NFSS spec.:
(fontspec)             <->s*[1]"[LibertinusSans-Italic.otf]/OT:script=latn;language=dflt;+hv-kern;+tnum;+lnum;embolden=3;+smcp;mapping=tex-text;"
(fontspec)             - 'bold slanted' (b/sl) with NFSS spec.:
(fontspec)             <->s*[1]"[LibertinusSans-Bold.otf]/OT:script=latn;language=dflt;slant=0.2;+hv-kern;+tnum;+lnum;mapping=tex-text;"
(fontspec)             - 'bold slanted small caps'  (b/scsl) with NFSS spec.:
(fontspec)             <->s*[1]"[LibertinusSans-Bold.otf]/OT:script=latn;language=dflt;slant=0.2;+hv-kern;+tnum;+lnum;+smcp;mapping=tex-text;"


Package fontspec Info: 
(fontspec)             LibertinusSans-Regular scale = 0.9326064960951938.


Package fontspec Info: 
(fontspec)             LibertinusSans-Regular scale = 1.


Package fontspec Info: 
(fontspec)             LibertinusSans-Regular scale = 0.9326064960951938.


Package fontspec Info: 
(fontspec)             LibertinusSans-Regular scale = 1.


Package fontspec Info: 
(fontspec)             LibertinusSans-Regular scale = 0.9326064960951938.


Package fontspec Info: 
(fontspec)             LibertinusSans-Regular scale = 1.


Package fontspec Info: 
(fontspec)             LibertinusSans-Bold scale = 1.


Package fontspec Info: 
(fontspec)             LibertinusSans-Bold scale = 1.


Package fontspec Info: 
(fontspec)             LibertinusSans-Bold scale = 1.


Package fontspec Info: 
(fontspec)             LibertinusSans-Bold scale = 1.


Package fontspec Info: 
(fontspec)             LibertinusSans-Italic scale = 1.


Package fontspec Info: 
(fontspec)             LibertinusSans-Italic scale = 1.


Package fontspec Info: 
(fontspec)             LibertinusSans-Italic scale = 1.


Package fontspec Info: 
(fontspec)             LibertinusSans-Italic scale = 1.


Package fontspec Info: 
(fontspec)             LibertinusSans-Regular scale = 0.9326064960951938.


Package fontspec Info: 
(fontspec)             LibertinusSans-Regular scale = 1.


Package fontspec Info: 
(fontspec)             LibertinusSans-Regular scale = 0.9326064960951938.


Package fontspec Info: 
(fontspec)             LibertinusSans-Regular scale = 1.


Package fontspec Info: 
(fontspec)             LibertinusSans-Italic scale = 1.


Package fontspec Info: 
(fontspec)             LibertinusSans-Italic scale = 1.


Package fontspec Info: 
(fontspec)             LibertinusSans-Italic scale = 1.


Package fontspec Info: 
(fontspec)             LibertinusSans-Italic scale = 1.


Package fontspec Info: 
(fontspec)             LibertinusSans-Bold scale = 1.


Package fontspec Info: 
(fontspec)             LibertinusSans-Bold scale = 1.


Package fontspec Info: 
(fontspec)             LibertinusSans-Bold scale = 1.


Package fontspec Info: 
(fontspec)             LibertinusSans-Bold scale = 1.


Package fontspec Info: 
(fontspec)             Font family 'LibertinusSans(1)' created for font
(fontspec)             'LibertinusSans' with options
(fontspec)             [Scale=MatchLowercase,Extension = .otf,RawFeature =
(fontspec)             {+tnum;+lnum},Scale = 1,UprightFont =
(fontspec)             *-Regular,ItalicFont = *-Italic,ItalicFeatures = {
(fontspec)             SmallCapsFont = *-Italic },SlantedFont =
(fontspec)             *-Regular,SlantedFeatures= {FakeSlant=0.2},BoldFont =
(fontspec)             *-Bold,BoldFeatures = { SmallCapsFont = *-Bold
(fontspec)             },BoldItalicFont = *-Italic,BoldItalicFeatures =
(fontspec)             {RawFeature={embolden=3},SmallCapsFont = *-Italic
(fontspec)             },BoldSlantedFont= *-Bold,BoldSlantedFeatures =
(fontspec)             {FakeSlant=0.2, SmallCapsFont = *-Bold },SmallCapsFont
(fontspec)             = *-Regular,SmallCapsFeatures={Letters=SmallCaps}].
(fontspec)              
(fontspec)              This font family consists of the following NFSS
(fontspec)             series/shapes:
(fontspec)              
(fontspec)             - 'normal' (m/n) with NFSS spec.:
(fontspec)             <->s*[1]"[LibertinusSans-Regular.otf]/OT:script=latn;language=dflt;+tnum;+lnum;"
(fontspec)             - 'small caps'  (m/sc) with NFSS spec.:
(fontspec)             <->s*[1]"[LibertinusSans-Regular.otf]/OT:script=latn;language=dflt;+tnum;+lnum;+smcp;"
(fontspec)             - 'bold' (b/n) with NFSS spec.:
(fontspec)             <->s*[1]"[LibertinusSans-Bold.otf]/OT:script=latn;language=dflt;+tnum;+lnum;"
(fontspec)             - 'bold small caps'  (b/sc) with NFSS spec.:
(fontspec)             <->s*[1]"[LibertinusSans-Bold.otf]/OT:script=latn;language=dflt;+tnum;+lnum;+smcp;"
(fontspec)             - 'italic' (m/it) with NFSS spec.:
(fontspec)             <->s*[1]"[LibertinusSans-Italic.otf]/OT:script=latn;language=dflt;+tnum;+lnum;"
(fontspec)             - 'italic small caps'  (m/scit) with NFSS spec.:
(fontspec)             <->s*[1]"[LibertinusSans-Italic.otf]/OT:script=latn;language=dflt;+tnum;+lnum;+smcp;"
(fontspec)             - 'slanted' (m/sl) with NFSS spec.:
(fontspec)             <->s*[1]"[LibertinusSans-Regular.otf]/OT:script=latn;language=dflt;slant=0.2;+tnum;+lnum;"
(fontspec)             - 'slanted small caps'  (m/scsl) with NFSS spec.:
(fontspec)             <->s*[1]"[LibertinusSans-Regular.otf]/OT:script=latn;language=dflt;slant=0.2;+tnum;+lnum;+smcp;"
(fontspec)             - 'bold italic' (b/it) with NFSS spec.:
(fontspec)             <->s*[1]"[LibertinusSans-Italic.otf]/OT:script=latn;language=dflt;+tnum;+lnum;embolden=3;"
(fontspec)             - 'bold italic small caps'  (b/scit) with NFSS spec.:
(fontspec)             <->s*[1]"[LibertinusSans-Italic.otf]/OT:script=latn;language=dflt;+tnum;+lnum;embolden=3;+smcp;"
(fontspec)             - 'bold slanted' (b/sl) with NFSS spec.:
(fontspec)             <->s*[1]"[LibertinusSans-Bold.otf]/OT:script=latn;language=dflt;slant=0.2;+tnum;+lnum;"
(fontspec)             - 'bold slanted small caps'  (b/scsl) with NFSS spec.:
(fontspec)             <->s*[1]"[LibertinusSans-Bold.otf]/OT:script=latn;language=dflt;slant=0.2;+tnum;+lnum;+smcp;"

LaTeX Font Info:    Overwriting math alphabet `\mathsf' in version `normal'
(Font)                  OT1/cmss/m/n --> TU/LibertinusSans(1)/m/n on input line 312.
LaTeX Font Info:    Overwriting math alphabet `\mathsf' in version `bold'
(Font)                  OT1/cmss/bx/n --> TU/LibertinusSans(1)/b/n on input line 312.

Package fontspec Info: 
(fontspec)             LibertinusSans-Regular scale = 0.9326064960951938.


Package fontspec Info: 
(fontspec)             LibertinusSans-Regular scale = 1.


Package fontspec Info: 
(fontspec)             LibertinusSans-Regular scale = 0.9326064960951938.


Package fontspec Info: 
(fontspec)             LibertinusSans-Regular scale = 1.


Package fontspec Info: 
(fontspec)             LibertinusSans-Regular scale = 0.9326064960951938.


Package fontspec Info: 
(fontspec)             LibertinusSans-Regular scale = 1.


Package fontspec Info: 
(fontspec)             LibertinusSans-Bold scale = 1.


Package fontspec Info: 
(fontspec)             LibertinusSans-Bold scale = 1.


Package fontspec Info: 
(fontspec)             LibertinusSans-Bold scale = 1.


Package fontspec Info: 
(fontspec)             LibertinusSans-Bold scale = 1.


Package fontspec Info: 
(fontspec)             LibertinusSans-Italic scale = 1.


Package fontspec Info: 
(fontspec)             LibertinusSans-Italic scale = 1.


Package fontspec Info: 
(fontspec)             LibertinusSans-Italic scale = 1.


Package fontspec Info: 
(fontspec)             LibertinusSans-Italic scale = 1.


Package fontspec Info: 
(fontspec)             LibertinusSans-Regular scale = 0.9326064960951938.


Package fontspec Info: 
(fontspec)             LibertinusSans-Regular scale = 1.


Package fontspec Info: 
(fontspec)             LibertinusSans-Regular scale = 0.9326064960951938.


Package fontspec Info: 
(fontspec)             LibertinusSans-Regular scale = 1.


Package fontspec Info: 
(fontspec)             LibertinusSans-Italic scale = 1.


Package fontspec Info: 
(fontspec)             LibertinusSans-Italic scale = 1.


Package fontspec Info: 
(fontspec)             LibertinusSans-Regular scale = 0.9326064960951938.


Package fontspec Info: 
(fontspec)             LibertinusSans-Regular scale = 1.


Package fontspec Info: 
(fontspec)             LibertinusSans-Bold scale = 1.


Package fontspec Info: 
(fontspec)             LibertinusSans-Bold scale = 1.


Package fontspec Info: 
(fontspec)             LibertinusSans-Bold scale = 1.


Package fontspec Info: 
(fontspec)             LibertinusSans-Bold scale = 1.


Package fontspec Info: 
(fontspec)             Font family 'LibertinusSans(2)' created for font
(fontspec)             'LibertinusSans' with options
(fontspec)             [Scale=MatchLowercase,RawFeature = {+onum;+pnum},Scale
(fontspec)             = 1,UprightFont = *-Regular,ItalicFont =
(fontspec)             *-Italic,ItalicFeatures = { SmallCapsFont = *-Italic
(fontspec)             },SlantedFont = *-Regular,SlantedFeatures=
(fontspec)             {FakeSlant=0.2},BoldFont = *-Bold,BoldFeatures = {
(fontspec)             SmallCapsFont = *-Bold },BoldItalicFont =
(fontspec)             *-Italic,BoldItalicFeatures =
(fontspec)             {RawFeature={embolden=3}},BoldSlantedFont=
(fontspec)             *-Bold,BoldSlantedFeatures = {FakeSlant=0.2,
(fontspec)             SmallCapsFont = *-Bold },SmallCapsFont =
(fontspec)             *-Regular,SmallCapsFeatures={Letters=SmallCaps},Extension
(fontspec)             = .otf].
(fontspec)              
(fontspec)              This font family consists of the following NFSS
(fontspec)             series/shapes:
(fontspec)              
(fontspec)             - 'normal' (m/n) with NFSS spec.:
(fontspec)             <->s*[1]"[LibertinusSans-Regular.otf]/OT:script=latn;language=dflt;+onum;+pnum;"
(fontspec)             - 'small caps'  (m/sc) with NFSS spec.:
(fontspec)             <->s*[1]"[LibertinusSans-Regular.otf]/OT:script=latn;language=dflt;+onum;+pnum;+smcp;"
(fontspec)             - 'bold' (b/n) with NFSS spec.:
(fontspec)             <->s*[1]"[LibertinusSans-Bold.otf]/OT:script=latn;language=dflt;+onum;+pnum;"
(fontspec)             - 'bold small caps'  (b/sc) with NFSS spec.:
(fontspec)             <->s*[1]"[LibertinusSans-Bold.otf]/OT:script=latn;language=dflt;+onum;+pnum;+smcp;"
(fontspec)             - 'italic' (m/it) with NFSS spec.:
(fontspec)             <->s*[1]"[LibertinusSans-Italic.otf]/OT:script=latn;language=dflt;+onum;+pnum;"
(fontspec)             - 'italic small caps'  (m/scit) with NFSS spec.:
(fontspec)             <->s*[1]"[LibertinusSans-Italic.otf]/OT:script=latn;language=dflt;+onum;+pnum;+smcp;"
(fontspec)             - 'slanted' (m/sl) with NFSS spec.:
(fontspec)             <->s*[1]"[LibertinusSans-Regular.otf]/OT:script=latn;language=dflt;slant=0.2;+onum;+pnum;"
(fontspec)             - 'slanted small caps'  (m/scsl) with NFSS spec.:
(fontspec)             <->s*[1]"[LibertinusSans-Regular.otf]/OT:script=latn;language=dflt;slant=0.2;+onum;+pnum;+smcp;"
(fontspec)             - 'bold italic' (b/it) with NFSS spec.:
(fontspec)             <->s*[1]"[LibertinusSans-Italic.otf]/OT:script=latn;language=dflt;+onum;+pnum;embolden=3;"
(fontspec)             - 'bold italic small caps'  (b/scit) with NFSS spec.:
(fontspec)             <->s*[1]"[LibertinusSans-Regular.otf]/OT:script=latn;language=dflt;+onum;+pnum;embolden=3;+smcp;"
(fontspec)             - 'bold slanted' (b/sl) with NFSS spec.:
(fontspec)             <->s*[1]"[LibertinusSans-Bold.otf]/OT:script=latn;language=dflt;slant=0.2;+onum;+pnum;"
(fontspec)             - 'bold slanted small caps'  (b/scsl) with NFSS spec.:
(fontspec)             <->s*[1]"[LibertinusSans-Bold.otf]/OT:script=latn;language=dflt;slant=0.2;+onum;+pnum;+smcp;"


Package fontspec Info: 
(fontspec)             LibertinusSans-Regular scale = 0.9326064960951938.


Package fontspec Info: 
(fontspec)             LibertinusSans-Regular scale = 1.


Package fontspec Info: 
(fontspec)             LibertinusSans-Regular scale = 0.9326064960951938.


Package fontspec Info: 
(fontspec)             LibertinusSans-Regular scale = 1.


Package fontspec Info: 
(fontspec)             LibertinusSans-Regular scale = 0.9326064960951938.


Package fontspec Info: 
(fontspec)             LibertinusSans-Regular scale = 1.


Package fontspec Info: 
(fontspec)             LibertinusSans-Bold scale = 1.


Package fontspec Info: 
(fontspec)             LibertinusSans-Bold scale = 1.


Package fontspec Info: 
(fontspec)             LibertinusSans-Bold scale = 1.


Package fontspec Info: 
(fontspec)             LibertinusSans-Bold scale = 1.


Package fontspec Info: 
(fontspec)             LibertinusSans-Italic scale = 1.


Package fontspec Info: 
(fontspec)             LibertinusSans-Italic scale = 1.


Package fontspec Info: 
(fontspec)             LibertinusSans-Italic scale = 1.


Package fontspec Info: 
(fontspec)             LibertinusSans-Italic scale = 1.


Package fontspec Info: 
(fontspec)             LibertinusSans-Regular scale = 0.9326064960951938.


Package fontspec Info: 
(fontspec)             LibertinusSans-Regular scale = 1.


Package fontspec Info: 
(fontspec)             LibertinusSans-Regular scale = 0.9326064960951938.


Package fontspec Info: 
(fontspec)             LibertinusSans-Regular scale = 1.


Package fontspec Info: 
(fontspec)             LibertinusSans-Italic scale = 1.


Package fontspec Info: 
(fontspec)             LibertinusSans-Italic scale = 1.


Package fontspec Info: 
(fontspec)             LibertinusSans-Regular scale = 0.9326064960951938.


Package fontspec Info: 
(fontspec)             LibertinusSans-Regular scale = 1.


Package fontspec Info: 
(fontspec)             LibertinusSans-Bold scale = 1.


Package fontspec Info: 
(fontspec)             LibertinusSans-Bold scale = 1.


Package fontspec Info: 
(fontspec)             LibertinusSans-Bold scale = 1.


Package fontspec Info: 
(fontspec)             LibertinusSans-Bold scale = 1.


Package fontspec Info: 
(fontspec)             Font family 'LibertinusSans(3)' created for font
(fontspec)             'LibertinusSans' with options
(fontspec)             [Scale=MatchLowercase,RawFeature =
(fontspec)             {+lnum;-onum;+tnum},Scale = 1,UprightFont =
(fontspec)             *-Regular,ItalicFont = *-Italic,ItalicFeatures = {
(fontspec)             SmallCapsFont = *-Italic },SlantedFont =
(fontspec)             *-Regular,SlantedFeatures= {FakeSlant=0.2},BoldFont =
(fontspec)             *-Bold,BoldFeatures = { SmallCapsFont = *-Bold
(fontspec)             },BoldItalicFont = *-Italic,BoldItalicFeatures =
(fontspec)             {RawFeature={embolden=3}},BoldSlantedFont=
(fontspec)             *-Bold,BoldSlantedFeatures = {FakeSlant=0.2,
(fontspec)             SmallCapsFont = *-Bold },SmallCapsFont =
(fontspec)             *-Regular,SmallCapsFeatures={Letters=SmallCaps},Extension
(fontspec)             = .otf].
(fontspec)              
(fontspec)              This font family consists of the following NFSS
(fontspec)             series/shapes:
(fontspec)              
(fontspec)             - 'normal' (m/n) with NFSS spec.:
(fontspec)             <->s*[1]"[LibertinusSans-Regular.otf]/OT:script=latn;language=dflt;+lnum;-onum;+tnum;"
(fontspec)             - 'small caps'  (m/sc) with NFSS spec.:
(fontspec)             <->s*[1]"[LibertinusSans-Regular.otf]/OT:script=latn;language=dflt;+lnum;-onum;+tnum;+smcp;"
(fontspec)             - 'bold' (b/n) with NFSS spec.:
(fontspec)             <->s*[1]"[LibertinusSans-Bold.otf]/OT:script=latn;language=dflt;+lnum;-onum;+tnum;"
(fontspec)             - 'bold small caps'  (b/sc) with NFSS spec.:
(fontspec)             <->s*[1]"[LibertinusSans-Bold.otf]/OT:script=latn;language=dflt;+lnum;-onum;+tnum;+smcp;"
(fontspec)             - 'italic' (m/it) with NFSS spec.:
(fontspec)             <->s*[1]"[LibertinusSans-Italic.otf]/OT:script=latn;language=dflt;+lnum;-onum;+tnum;"
(fontspec)             - 'italic small caps'  (m/scit) with NFSS spec.:
(fontspec)             <->s*[1]"[LibertinusSans-Italic.otf]/OT:script=latn;language=dflt;+lnum;-onum;+tnum;+smcp;"
(fontspec)             - 'slanted' (m/sl) with NFSS spec.:
(fontspec)             <->s*[1]"[LibertinusSans-Regular.otf]/OT:script=latn;language=dflt;slant=0.2;+lnum;-onum;+tnum;"
(fontspec)             - 'slanted small caps'  (m/scsl) with NFSS spec.:
(fontspec)             <->s*[1]"[LibertinusSans-Regular.otf]/OT:script=latn;language=dflt;slant=0.2;+lnum;-onum;+tnum;+smcp;"
(fontspec)             - 'bold italic' (b/it) with NFSS spec.:
(fontspec)             <->s*[1]"[LibertinusSans-Italic.otf]/OT:script=latn;language=dflt;+lnum;-onum;+tnum;embolden=3;"
(fontspec)             - 'bold italic small caps'  (b/scit) with NFSS spec.:
(fontspec)             <->s*[1]"[LibertinusSans-Regular.otf]/OT:script=latn;language=dflt;+lnum;-onum;+tnum;embolden=3;+smcp;"
(fontspec)             - 'bold slanted' (b/sl) with NFSS spec.:
(fontspec)             <->s*[1]"[LibertinusSans-Bold.otf]/OT:script=latn;language=dflt;slant=0.2;+lnum;-onum;+tnum;"
(fontspec)             - 'bold slanted small caps'  (b/scsl) with NFSS spec.:
(fontspec)             <->s*[1]"[LibertinusSans-Bold.otf]/OT:script=latn;language=dflt;slant=0.2;+lnum;-onum;+tnum;+smcp;"

Requested font "[LibertinusMono-Regular.otf]/OT" at 10.94997pt
 -> c:/Users/Ivan.Trushin/AppData/Roaming/TinyTeX/texmf-dist/fonts/opentype/public/libertinus-fonts/LibertinusMono-Regular.otf
Requested font "[LibertinusMono-Regular.otf]/OT" at 10.95003pt
 -> c:/Users/Ivan.Trushin/AppData/Roaming/TinyTeX/texmf-dist/fonts/opentype/public/libertinus-fonts/LibertinusMono-Regular.otf

Package fontspec Info: 
(fontspec)             LibertinusMono-Regular scale = 0.8666664789906032.


Package fontspec Info: 
(fontspec)             LibertinusMono-Regular scale = 0.8666664789906032.

Requested font "[LibertinusMono-Regular.otf]/OT:script=latn;language=dflt;" at 10.95003pt
 -> c:/Users/Ivan.Trushin/AppData/Roaming/TinyTeX/texmf-dist/fonts/opentype/public/libertinus-fonts/LibertinusMono-Regular.otf

Package fontspec Info: 
(fontspec)             LibertinusMono-Regular scale = 0.8666664789906032.


Package fontspec Info: 
(fontspec)             LibertinusMono-Regular scale = 0.8666664789906032.


Package fontspec Info: 
(fontspec)             LibertinusMono-Regular scale = 0.8666664789906032.


Package fontspec Info: 
(fontspec)             LibertinusMono-Regular scale = 0.8666664789906032.


Package fontspec Info: 
(fontspec)             LibertinusMono-Regular scale = 0.8666664789906032.


Package fontspec Info: 
(fontspec)             LibertinusMono-Regular scale = 0.8666664789906032.


Package fontspec Info: 
(fontspec)             LibertinusMono-Regular scale = 0.8666664789906032.


Package fontspec Info: 
(fontspec)             LibertinusMono-Regular scale = 0.8666664789906032.


Package fontspec Info: 
(fontspec)             LibertinusMono-Regular scale = 0.8666664789906032.


Package fontspec Info: 
(fontspec)             LibertinusMono-Regular scale = 0.8666664789906032.


Package fontspec Info: 
(fontspec)             Font family 'LibertinusMono(0)' created for font
(fontspec)             'LibertinusMono' with options
(fontspec)             [Scale=MatchLowercase,WordSpace={1,0,0},HyphenChar=None,PunctuationSpace=WordSpace,RawFeature
(fontspec)             = {+tnum; +lnum},Scale = MatchLowercase,FakeStretch =
(fontspec)             0.9,UprightFont = *-Regular,ItalicFont =
(fontspec)             *-Regular,ItalicFeatures = {FakeSlant=0.2},SlantedFont
(fontspec)             = *-Regular,SlantedFeatures= {FakeSlant=0.2},BoldFont =
(fontspec)             *-Regular,BoldFeatures =
(fontspec)             {RawFeature={embolden=3}},BoldItalicFont =
(fontspec)             *-Regular,BoldItalicFeatures={FakeSlant=0.2,RawFeature={embolden=3}},Extension
(fontspec)             = .otf].
(fontspec)              
(fontspec)              This font family consists of the following NFSS
(fontspec)             series/shapes:
(fontspec)              
(fontspec)             - 'normal' (m/n) with NFSS spec.:
(fontspec)             <->s*[0.8666664789906032]"[LibertinusMono-Regular.otf]/OT:script=latn;language=dflt;extend=0.9;+tnum;
(fontspec)             +lnum;"
(fontspec)             - 'bold' (b/n) with NFSS spec.:
(fontspec)             <->s*[0.8666664789906032]"[LibertinusMono-Regular.otf]/OT:script=latn;language=dflt;extend=0.9;+tnum;
(fontspec)             +lnum;embolden=3;"
(fontspec)             - 'italic' (m/it) with NFSS spec.:
(fontspec)             <->s*[0.8666664789906032]"[LibertinusMono-Regular.otf]/OT:script=latn;language=dflt;extend=0.9;slant=0.2;+tnum;
(fontspec)             +lnum;"
(fontspec)             - 'slanted' (m/sl) with NFSS spec.:
(fontspec)             <->s*[0.8666664789906032]"[LibertinusMono-Regular.otf]/OT:script=latn;language=dflt;extend=0.9;slant=0.2;+tnum;
(fontspec)             +lnum;"
(fontspec)             - 'bold italic' (b/it) with NFSS spec.:
(fontspec)             <->s*[0.8666664789906032]"[LibertinusMono-Regular.otf]/OT:script=latn;language=dflt;extend=0.9;slant=0.2;+tnum;
(fontspec)             +lnum;embolden=3;"


Package fontspec Info: 
(fontspec)             LibertinusMono-Regular scale = 0.8666664789906032.


Package fontspec Info: 
(fontspec)             LibertinusMono-Regular scale = 0.8666664789906032.


Package fontspec Info: 
(fontspec)             LibertinusMono-Regular scale = 0.8666664789906032.


Package fontspec Info: 
(fontspec)             LibertinusMono-Regular scale = 0.8666664789906032.


Package fontspec Info: 
(fontspec)             LibertinusMono-Regular scale = 0.8666664789906032.


Package fontspec Info: 
(fontspec)             LibertinusMono-Regular scale = 0.8666664789906032.


Package fontspec Info: 
(fontspec)             LibertinusMono-Regular scale = 0.8666664789906032.


Package fontspec Info: 
(fontspec)             LibertinusMono-Regular scale = 0.8666664789906032.


Package fontspec Info: 
(fontspec)             LibertinusMono-Regular scale = 0.8666664789906032.


Package fontspec Info: 
(fontspec)             LibertinusMono-Regular scale = 0.8666664789906032.


Package fontspec Info: 
(fontspec)             LibertinusMono-Regular scale = 0.8666664789906032.


Package fontspec Info: 
(fontspec)             LibertinusMono-Regular scale = 0.8666664789906032.


Package fontspec Info: 
(fontspec)             Font family 'LibertinusMono(1)' created for font
(fontspec)             'LibertinusMono' with options
(fontspec)             [Scale=MatchLowercase,RawFeature = {+tnum; +lnum},Scale
(fontspec)             = MatchLowercase,FakeStretch = 0.9,UprightFont =
(fontspec)             *-Regular,ItalicFont = *-Regular,ItalicFeatures =
(fontspec)             {FakeSlant=0.2},SlantedFont =
(fontspec)             *-Regular,SlantedFeatures= {FakeSlant=0.2},BoldFont =
(fontspec)             *-Regular,BoldFeatures =
(fontspec)             {RawFeature={embolden=3}},BoldItalicFont =
(fontspec)             *-Regular,BoldItalicFeatures={FakeSlant=0.2,RawFeature={embolden=3}},Extension
(fontspec)             = .otf].
(fontspec)              
(fontspec)              This font family consists of the following NFSS
(fontspec)             series/shapes:
(fontspec)              
(fontspec)             - 'normal' (m/n) with NFSS spec.:
(fontspec)             <->s*[0.8666664789906032]"[LibertinusMono-Regular.otf]/OT:script=latn;language=dflt;extend=0.9;+tnum;
(fontspec)             +lnum;"
(fontspec)             - 'bold' (b/n) with NFSS spec.:
(fontspec)             <->s*[0.8666664789906032]"[LibertinusMono-Regular.otf]/OT:script=latn;language=dflt;extend=0.9;+tnum;
(fontspec)             +lnum;embolden=3;"
(fontspec)             - 'italic' (m/it) with NFSS spec.:
(fontspec)             <->s*[0.8666664789906032]"[LibertinusMono-Regular.otf]/OT:script=latn;language=dflt;extend=0.9;slant=0.2;+tnum;
(fontspec)             +lnum;"
(fontspec)             - 'slanted' (m/sl) with NFSS spec.:
(fontspec)             <->s*[0.8666664789906032]"[LibertinusMono-Regular.otf]/OT:script=latn;language=dflt;extend=0.9;slant=0.2;+tnum;
(fontspec)             +lnum;"
(fontspec)             - 'bold italic' (b/it) with NFSS spec.:
(fontspec)             <->s*[0.8666664789906032]"[LibertinusMono-Regular.otf]/OT:script=latn;language=dflt;extend=0.9;slant=0.2;+tnum;
(fontspec)             +lnum;embolden=3;"

LaTeX Font Info:    Overwriting math alphabet `\mathtt' in version `normal'
(Font)                  OT1/cmtt/m/n --> TU/LibertinusMono(1)/m/n on input line 369.
LaTeX Font Info:    Overwriting math alphabet `\mathtt' in version `bold'
(Font)                  OT1/cmtt/m/n --> TU/LibertinusMono(1)/b/n on input line 369.
*************************************
* Using libertinus math *
*************************************
Requested font "[LibertinusMath-Regular.otf]/OT" at 10.94997pt
 -> c:/Users/Ivan.Trushin/AppData/Roaming/TinyTeX/texmf-dist/fonts/opentype/public/libertinus-fonts/LibertinusMath-Regular.otf
Requested font "[LibertinusMath-Regular.otf]/OT" at 10.95003pt
 -> c:/Users/Ivan.Trushin/AppData/Roaming/TinyTeX/texmf-dist/fonts/opentype/public/libertinus-fonts/LibertinusMath-Regular.otf

Package fontspec Info: 
(fontspec)             LibertinusMath-Regular scale = 1.

Requested font "[LibertinusMath-Regular.otf]/OT:script=math;language=dflt;" at 10.95003pt
 -> c:/Users/Ivan.Trushin/AppData/Roaming/TinyTeX/texmf-dist/fonts/opentype/public/libertinus-fonts/LibertinusMath-Regular.otf

Package fontspec Info: 
(fontspec)             LibertinusMath-Regular scale = 1.


Package fontspec Info: 
(fontspec)             Font family 'LibertinusMath-Regular.otf(0)' created for
(fontspec)             font 'LibertinusMath-Regular.otf' with options
(fontspec)             [Scale=MatchLowercase,BoldItalicFont={},ItalicFont={},SmallCapsFont={},Script=Math].
(fontspec)              
(fontspec)              This font family consists of the following NFSS
(fontspec)             series/shapes:
(fontspec)              
(fontspec)             - 'normal' (m/n) with NFSS spec.:
(fontspec)             <->s*[1]"[LibertinusMath-Regular.otf]/OT:script=math;language=dflt;"

LaTeX Font Info:    Font shape `TU/LibertinusMath-Regular.otf(0)/m/n' will be
(Font)              scaled to size 10.95pt on input line 377.
Requested font "[LibertinusMath-Regular.otf]/OT:script=math;language=dflt;" at 10.95pt
 -> c:/Users/Ivan.Trushin/AppData/Roaming/TinyTeX/texmf-dist/fonts/opentype/public/libertinus-fonts/LibertinusMath-Regular.otf

Package fontspec Info: 
(fontspec)             LibertinusMath-Regular scale = 1.


Package fontspec Info: 
(fontspec)             LibertinusMath-Regular scale = 1.


Package fontspec Info: 
(fontspec)             LibertinusMath-Regular scale = 1.


Package fontspec Info: 
(fontspec)             LibertinusMath-Regular scale = 1.


Package fontspec Info: 
(fontspec)             Font family 'LibertinusMath-Regular.otf(1)' created for
(fontspec)             font 'LibertinusMath-Regular.otf' with options
(fontspec)             [Scale=MatchLowercase,BoldItalicFont={},ItalicFont={},SmallCapsFont={},Script=Math,SizeFeatures={{Size=9.855-},{Size=7.665-9.855,Font=LibertinusMath-Regular.otf,Style=MathScript},{Size=-7.665,Font=LibertinusMath-Regular.otf,Style=MathScriptScript}}].
(fontspec)              
(fontspec)              This font family consists of the following NFSS
(fontspec)             series/shapes:
(fontspec)              
(fontspec)             - 'normal' (m/n) with NFSS spec.:
(fontspec)             <9.855->s*[1]"[LibertinusMath-Regular.otf]/OT:script=math;language=dflt;"<7.665-9.855>s*[1]"[LibertinusMath-Regular.otf]/OT:script=math;language=dflt;+ssty=0;"<-7.665>s*[1]"[LibertinusMath-Regular.otf]/OT:script=math;language=dflt;+ssty=1;"

LaTeX Font Info:    Font shape `TU/LibertinusMath-Regular.otf(1)/m/n' will be
(Font)              scaled to size 10.95pt on input line 377.
LaTeX Font Info:    Encoding `OT1' has changed to `TU' for symbol font
(Font)              `operators' in the math version `normal' on input line 377.
LaTeX Font Info:    Overwriting symbol font `operators' in version `normal'
(Font)                  OT1/cmr/m/n --> TU/LibertinusMath-Regular.otf(1)/m/n on input line 377.
LaTeX Font Info:    Encoding `OT1' has changed to `TU' for symbol font
(Font)              `operators' in the math version `bold' on input line 377.
LaTeX Font Info:    Overwriting symbol font `operators' in version `bold'
(Font)                  OT1/cmr/bx/n --> TU/LibertinusMath-Regular.otf(1)/b/n on input line 377.

Package fontspec Info: 
(fontspec)             LibertinusMath-Regular scale = 1.


Package fontspec Info: 
(fontspec)             LibertinusMath-Regular scale = 1.0001.


Package fontspec Info: 
(fontspec)             LibertinusMath-Regular scale = 1.


Package fontspec Info: 
(fontspec)             LibertinusMath-Regular scale = 1.0001.


Package fontspec Info: 
(fontspec)             LibertinusMath-Regular scale = 1.


Package fontspec Info: 
(fontspec)             LibertinusMath-Regular scale = 1.0001.


Package fontspec Info: 
(fontspec)             LibertinusMath-Regular scale = 1.


Package fontspec Info: 
(fontspec)             LibertinusMath-Regular scale = 1.0001.


Package fontspec Info: 
(fontspec)             Font family 'LibertinusMath-Regular.otf(2)' created for
(fontspec)             font 'LibertinusMath-Regular.otf' with options
(fontspec)             [Scale=MatchLowercase,BoldItalicFont={},ItalicFont={},SmallCapsFont={},Script=Math,SizeFeatures={{Size=9.855-},{Size=7.665-9.855,Font=LibertinusMath-Regular.otf,Style=MathScript},{Size=-7.665,Font=LibertinusMath-Regular.otf,Style=MathScriptScript}},ScaleAgain=1.0001,FontAdjustment={\fontdimen
(fontspec)             8\font =6.351pt\relax \fontdimen 9\font =5.256pt\relax
(fontspec)             \fontdimen 10\font =5.1465pt\relax \fontdimen 11\font
(fontspec)             =7.665pt\relax \fontdimen 12\font =5.256pt\relax
(fontspec)             \fontdimen 13\font =4.10625pt\relax \fontdimen 14\font
(fontspec)             =4.10625pt\relax \fontdimen 15\font =3.3945pt\relax
(fontspec)             \fontdimen 16\font =2.2995pt\relax \fontdimen 17\font
(fontspec)             =2.2995pt\relax \fontdimen 18\font =2.5185pt\relax
(fontspec)             \fontdimen 19\font =0.49275pt\relax \fontdimen 22\font
(fontspec)             =2.847pt\relax \fontdimen 20\font =0pt\relax \fontdimen
(fontspec)             21\font =0pt\relax }].
(fontspec)              
(fontspec)              This font family consists of the following NFSS
(fontspec)             series/shapes:
(fontspec)              
(fontspec)             - 'normal' (m/n) with NFSS spec.:
(fontspec)             <9.855->s*[1.0001]"[LibertinusMath-Regular.otf]/OT:script=math;language=dflt;"<7.665-9.855>s*[1.0001]"[LibertinusMath-Regular.otf]/OT:script=math;language=dflt;+ssty=0;"<-7.665>s*[1.0001]"[LibertinusMath-Regular.otf]/OT:script=math;language=dflt;+ssty=1;"

LaTeX Font Info:    Encoding `OMS' has changed to `TU' for symbol font
(Font)              `symbols' in the math version `normal' on input line 377.
LaTeX Font Info:    Overwriting symbol font `symbols' in version `normal'
(Font)                  OMS/cmsy/m/n --> TU/LibertinusMath-Regular.otf(2)/m/n on input line 377.
LaTeX Font Info:    Encoding `OMS' has changed to `TU' for symbol font
(Font)              `symbols' in the math version `bold' on input line 377.
LaTeX Font Info:    Overwriting symbol font `symbols' in version `bold'
(Font)                  OMS/cmsy/b/n --> TU/LibertinusMath-Regular.otf(2)/b/n on input line 377.

Package fontspec Info: 
(fontspec)             LibertinusMath-Regular scale = 1.


Package fontspec Info: 
(fontspec)             LibertinusMath-Regular scale = 0.9999.


Package fontspec Info: 
(fontspec)             LibertinusMath-Regular scale = 1.


Package fontspec Info: 
(fontspec)             LibertinusMath-Regular scale = 0.9999.


Package fontspec Info: 
(fontspec)             LibertinusMath-Regular scale = 1.


Package fontspec Info: 
(fontspec)             LibertinusMath-Regular scale = 0.9999.


Package fontspec Info: 
(fontspec)             LibertinusMath-Regular scale = 1.


Package fontspec Info: 
(fontspec)             LibertinusMath-Regular scale = 0.9999.


Package fontspec Info: 
(fontspec)             Font family 'LibertinusMath-Regular.otf(3)' created for
(fontspec)             font 'LibertinusMath-Regular.otf' with options
(fontspec)             [Scale=MatchLowercase,BoldItalicFont={},ItalicFont={},SmallCapsFont={},Script=Math,SizeFeatures={{Size=9.855-},{Size=7.665-9.855,Font=LibertinusMath-Regular.otf,Style=MathScript},{Size=-7.665,Font=LibertinusMath-Regular.otf,Style=MathScriptScript}},ScaleAgain=0.9999,FontAdjustment={\fontdimen
(fontspec)             8\font =0.71175pt\relax \fontdimen 9\font
(fontspec)             =1.6425pt\relax \fontdimen 10\font =1.6425pt\relax
(fontspec)             \fontdimen 11\font =2.7375pt\relax \fontdimen 12\font
(fontspec)             =6.789pt\relax \fontdimen 13\font =0pt\relax }].
(fontspec)              
(fontspec)              This font family consists of the following NFSS
(fontspec)             series/shapes:
(fontspec)              
(fontspec)             - 'normal' (m/n) with NFSS spec.:
(fontspec)             <9.855->s*[0.9999]"[LibertinusMath-Regular.otf]/OT:script=math;language=dflt;"<7.665-9.855>s*[0.9999]"[LibertinusMath-Regular.otf]/OT:script=math;language=dflt;+ssty=0;"<-7.665>s*[0.9999]"[LibertinusMath-Regular.otf]/OT:script=math;language=dflt;+ssty=1;"

LaTeX Font Info:    Encoding `OMX' has changed to `TU' for symbol font
(Font)              `largesymbols' in the math version `normal' on input line 377.
LaTeX Font Info:    Overwriting symbol font `largesymbols' in version `normal'
(Font)                  OMX/cmex/m/n --> TU/LibertinusMath-Regular.otf(3)/m/n on input line 377.
LaTeX Font Info:    Encoding `OMX' has changed to `TU' for symbol font
(Font)              `largesymbols' in the math version `bold' on input line 377.
LaTeX Font Info:    Overwriting symbol font `largesymbols' in version `bold'
(Font)                  OMX/cmex/m/n --> TU/LibertinusMath-Regular.otf(3)/b/n on input line 377.
LaTeX Font Info:    Redeclaring math version `bold' on input line 379.

Package fontspec Info: 
(fontspec)             LibertinusMath-Regular scale = 1.


Package fontspec Info: 
(fontspec)             LibertinusMath-Regular scale = 1.


Package fontspec Info: 
(fontspec)             Font family 'LibertinusMath-Regular.otf(4)' created for
(fontspec)             font 'LibertinusMath-Regular.otf' with options
(fontspec)             [Scale=MatchLowercase,BoldItalicFont={},ItalicFont={},SmallCapsFont={},Script=Math,RawFeature={embolden=3}].
(fontspec)              
(fontspec)              This font family consists of the following NFSS
(fontspec)             series/shapes:
(fontspec)              
(fontspec)             - 'normal' (m/n) with NFSS spec.:
(fontspec)             <->s*[1]"[LibertinusMath-Regular.otf]/OT:script=math;language=dflt;embolden=3;"

LaTeX Font Info:    Font shape `TU/LibertinusMath-Regular.otf(4)/m/n' will be
(Font)              scaled to size 10.95pt on input line 379.
Requested font "[LibertinusMath-Regular.otf]/OT:script=math;language=dflt;embolden=3;" at 10.95pt
 -> c:/Users/Ivan.Trushin/AppData/Roaming/TinyTeX/texmf-dist/fonts/opentype/public/libertinus-fonts/LibertinusMath-Regular.otf

Package fontspec Info: 
(fontspec)             LibertinusMath-Regular scale = 1.


Package fontspec Info: 
(fontspec)             LibertinusMath-Regular scale = 1.


Package fontspec Info: 
(fontspec)             LibertinusMath-Regular scale = 1.


Package fontspec Info: 
(fontspec)             LibertinusMath-Regular scale = 1.


Package fontspec Info: 
(fontspec)             Font family 'LibertinusMath-Regular.otf(5)' created for
(fontspec)             font 'LibertinusMath-Regular.otf' with options
(fontspec)             [Scale=MatchLowercase,BoldItalicFont={},ItalicFont={},SmallCapsFont={},Script=Math,SizeFeatures={{Size=9.855-},{Size=7.665-9.855,Font=LibertinusMath-Regular.otf,Style=MathScript},{Size=-7.665,Font=LibertinusMath-Regular.otf,Style=MathScriptScript}},RawFeature={embolden=3}].
(fontspec)              
(fontspec)              This font family consists of the following NFSS
(fontspec)             series/shapes:
(fontspec)              
(fontspec)             - 'normal' (m/n) with NFSS spec.:
(fontspec)             <9.855->s*[1]"[LibertinusMath-Regular.otf]/OT:script=math;language=dflt;embolden=3;"<7.665-9.855>s*[1]"[LibertinusMath-Regular.otf]/OT:script=math;language=dflt;embolden=3;+ssty=0;"<-7.665>s*[1]"[LibertinusMath-Regular.otf]/OT:script=math;language=dflt;embolden=3;+ssty=1;"

LaTeX Font Info:    Font shape `TU/LibertinusMath-Regular.otf(5)/m/n' will be
(Font)              scaled to size 10.95pt on input line 379.
LaTeX Font Info:    Encoding `OT1' has changed to `TU' for symbol font
(Font)              `operators' in the math version `bold' on input line 379.
LaTeX Font Info:    Overwriting symbol font `operators' in version `bold'
(Font)                  OT1/cmr/m/n --> TU/LibertinusMath-Regular.otf(5)/m/n on input line 379.

Package fontspec Info: 
(fontspec)             LibertinusMath-Regular scale = 1.


Package fontspec Info: 
(fontspec)             LibertinusMath-Regular scale = 1.0001.


Package fontspec Info: 
(fontspec)             LibertinusMath-Regular scale = 1.


Package fontspec Info: 
(fontspec)             LibertinusMath-Regular scale = 1.0001.


Package fontspec Info: 
(fontspec)             LibertinusMath-Regular scale = 1.


Package fontspec Info: 
(fontspec)             LibertinusMath-Regular scale = 1.0001.


Package fontspec Info: 
(fontspec)             LibertinusMath-Regular scale = 1.


Package fontspec Info: 
(fontspec)             LibertinusMath-Regular scale = 1.0001.


Package fontspec Info: 
(fontspec)             Font family 'LibertinusMath-Regular.otf(6)' created for
(fontspec)             font 'LibertinusMath-Regular.otf' with options
(fontspec)             [Scale=MatchLowercase,BoldItalicFont={},ItalicFont={},SmallCapsFont={},Script=Math,SizeFeatures={{Size=9.855-},{Size=7.665-9.855,Font=LibertinusMath-Regular.otf,Style=MathScript},{Size=-7.665,Font=LibertinusMath-Regular.otf,Style=MathScriptScript}},RawFeature={embolden=3},ScaleAgain=1.0001,FontAdjustment={\fontdimen
(fontspec)             8\font =6.351pt\relax \fontdimen 9\font =5.256pt\relax
(fontspec)             \fontdimen 10\font =5.1465pt\relax \fontdimen 11\font
(fontspec)             =7.665pt\relax \fontdimen 12\font =5.256pt\relax
(fontspec)             \fontdimen 13\font =4.10625pt\relax \fontdimen 14\font
(fontspec)             =4.10625pt\relax \fontdimen 15\font =3.3945pt\relax
(fontspec)             \fontdimen 16\font =2.2995pt\relax \fontdimen 17\font
(fontspec)             =2.2995pt\relax \fontdimen 18\font =2.5185pt\relax
(fontspec)             \fontdimen 19\font =0.49275pt\relax \fontdimen 22\font
(fontspec)             =2.847pt\relax \fontdimen 20\font =0pt\relax \fontdimen
(fontspec)             21\font =0pt\relax }].
(fontspec)              
(fontspec)              This font family consists of the following NFSS
(fontspec)             series/shapes:
(fontspec)              
(fontspec)             - 'normal' (m/n) with NFSS spec.:
(fontspec)             <9.855->s*[1.0001]"[LibertinusMath-Regular.otf]/OT:script=math;language=dflt;embolden=3;"<7.665-9.855>s*[1.0001]"[LibertinusMath-Regular.otf]/OT:script=math;language=dflt;embolden=3;+ssty=0;"<-7.665>s*[1.0001]"[LibertinusMath-Regular.otf]/OT:script=math;language=dflt;embolden=3;+ssty=1;"

LaTeX Font Info:    Encoding `OMS' has changed to `TU' for symbol font
(Font)              `symbols' in the math version `bold' on input line 379.
LaTeX Font Info:    Overwriting symbol font `symbols' in version `bold'
(Font)                  OMS/cmsy/m/n --> TU/LibertinusMath-Regular.otf(6)/m/n on input line 379.

Package fontspec Info: 
(fontspec)             LibertinusMath-Regular scale = 1.


Package fontspec Info: 
(fontspec)             LibertinusMath-Regular scale = 0.9999.


Package fontspec Info: 
(fontspec)             LibertinusMath-Regular scale = 1.


Package fontspec Info: 
(fontspec)             LibertinusMath-Regular scale = 0.9999.


Package fontspec Info: 
(fontspec)             LibertinusMath-Regular scale = 1.


Package fontspec Info: 
(fontspec)             LibertinusMath-Regular scale = 0.9999.


Package fontspec Info: 
(fontspec)             LibertinusMath-Regular scale = 1.


Package fontspec Info: 
(fontspec)             LibertinusMath-Regular scale = 0.9999.


Package fontspec Info: 
(fontspec)             Font family 'LibertinusMath-Regular.otf(7)' created for
(fontspec)             font 'LibertinusMath-Regular.otf' with options
(fontspec)             [Scale=MatchLowercase,BoldItalicFont={},ItalicFont={},SmallCapsFont={},Script=Math,SizeFeatures={{Size=9.855-},{Size=7.665-9.855,Font=LibertinusMath-Regular.otf,Style=MathScript},{Size=-7.665,Font=LibertinusMath-Regular.otf,Style=MathScriptScript}},RawFeature={embolden=3},ScaleAgain=0.9999,FontAdjustment={\fontdimen
(fontspec)             8\font =0.71175pt\relax \fontdimen 9\font
(fontspec)             =1.6425pt\relax \fontdimen 10\font =1.6425pt\relax
(fontspec)             \fontdimen 11\font =2.7375pt\relax \fontdimen 12\font
(fontspec)             =6.789pt\relax \fontdimen 13\font =0pt\relax }].
(fontspec)              
(fontspec)              This font family consists of the following NFSS
(fontspec)             series/shapes:
(fontspec)              
(fontspec)             - 'normal' (m/n) with NFSS spec.:
(fontspec)             <9.855->s*[0.9999]"[LibertinusMath-Regular.otf]/OT:script=math;language=dflt;embolden=3;"<7.665-9.855>s*[0.9999]"[LibertinusMath-Regular.otf]/OT:script=math;language=dflt;embolden=3;+ssty=0;"<-7.665>s*[0.9999]"[LibertinusMath-Regular.otf]/OT:script=math;language=dflt;embolden=3;+ssty=1;"

LaTeX Font Info:    Encoding `OMX' has changed to `TU' for symbol font
(Font)              `largesymbols' in the math version `bold' on input line 379.
LaTeX Font Info:    Overwriting symbol font `largesymbols' in version `bold'
(Font)                  OMX/cmex/m/n --> TU/LibertinusMath-Regular.otf(7)/m/n on input line 379.
Requested font "[LinBiolinum_K.otf]" scaled 1000
! Font \BiolinumKeyboard=[LinBiolinum_K.otf] not loadable: Metric (TFM) file or installed font not found.
<to be read again> 
                   \global 
l.393   }
          
Here is how much of TeX's memory you used:
 11507 strings out of 476239
 269824 string characters out of 5785043
 1921560 words of memory out of 5000000
 33990 multiletter control sequences out of 15000+600000
 558546 words of font info for 60 fonts, out of 8000000 for 9000
 14 hyphenation exceptions out of 8191
 108i,1n,154p,10900b,321s stack positions out of 10000i,1000n,20000p,200000b,200000s

No pages of output.
